<?xml version="1.0" encoding="UTF-8"?>
<testsuite name="pos"
           tests="22"
           failures="4"
           errors="0"
           skipped="0"
           time="607.783">
  <properties />
            <testcase name="set1" time="20.450" classname="pos">
                <failure type="org.openqa.selenium.NoSuchElementException"
                  message="An element could not be located on the page using the given search parameters.
For documentation on this error, please visit: https://www.seleniumhq.org/exceptions/no_such_element.html
Build info: version: &apos;3.141.59&apos;, revision: &apos;e82be7d358&apos;, time: &apos;2018-11-14T08:17:03&apos;
System info: host: &apos;PC-20170101&apos;, ip: &apos;192.168.56.1&apos;, os.name: &apos;Windows 10&apos;, os.arch: &apos;amd64&apos;, os.version: &apos;10.0&apos;, java.version: &apos;1.8.0_171&apos;
Driver info: io.appium.java_client.android.AndroidDriver
Capabilities {appActivity: com.yjp.entrance.view.Start..., appPackage: com.yijiupi.easychain, automationName: uiautomator2, databaseEnabled: false, desired: {appActivity: com.yjp.entrance.view.Start..., appPackage: com.yijiupi.easychain, automationName: uiautomator2, deviceName: Android Device, fullReset: false, newCommandTimeout: 160, noReset: true, platformName: android, resetKeyboard: true, unicodeKeyboard: true}, deviceApiLevel: 23, deviceManufacturer: SUNMI, deviceModel: t1host, deviceName: 0123456789ABCDEF, deviceScreenDensity: 240, deviceScreenSize: 1920x1080, deviceUDID: 0123456789ABCDEF, fullReset: false, javascriptEnabled: true, locationContextEnabled: false, networkConnectionEnabled: true, newCommandTimeout: 160, noReset: true, pixelRatio: 1.5, platform: LINUX, platformName: Android, platformVersion: 6.0.1, resetKeyboard: true, statBarHeight: 42, takesScreenshot: true, unicodeKeyboard: true, viewportRect: {height: 966, left: 0, top: 42, width: 1920}, warnings: {}, webStorageEnabled: false}
Session ID: ba0f6eb4-5a81-4e6c-ba31-5585c4af96ec
*** Element info: {Using=-android uiautomator, value=text(&quot;设置&quot;)}"
              >
<![CDATA[org.openqa.selenium.NoSuchElementException: An element could not be located on the page using the given search parameters.
For documentation on this error, please visit: https://www.seleniumhq.org/exceptions/no_such_element.html
Build info: version: '3.141.59', revision: 'e82be7d358', time: '2018-11-14T08:17:03'
System info: host: 'PC-20170101', ip: '192.168.56.1', os.name: 'Windows 10', os.arch: 'amd64', os.version: '10.0', java.version: '1.8.0_171'
Driver info: io.appium.java_client.android.AndroidDriver
Capabilities {appActivity: com.yjp.entrance.view.Start..., appPackage: com.yijiupi.easychain, automationName: uiautomator2, databaseEnabled: false, desired: {appActivity: com.yjp.entrance.view.Start..., appPackage: com.yijiupi.easychain, automationName: uiautomator2, deviceName: Android Device, fullReset: false, newCommandTimeout: 160, noReset: true, platformName: android, resetKeyboard: true, unicodeKeyboard: true}, deviceApiLevel: 23, deviceManufacturer: SUNMI, deviceModel: t1host, deviceName: 0123456789ABCDEF, deviceScreenDensity: 240, deviceScreenSize: 1920x1080, deviceUDID: 0123456789ABCDEF, fullReset: false, javascriptEnabled: true, locationContextEnabled: false, networkConnectionEnabled: true, newCommandTimeout: 160, noReset: true, pixelRatio: 1.5, platform: LINUX, platformName: Android, platformVersion: 6.0.1, resetKeyboard: true, statBarHeight: 42, takesScreenshot: true, unicodeKeyboard: true, viewportRect: {height: 966, left: 0, top: 42, width: 1920}, warnings: {}, webStorageEnabled: false}
Session ID: ba0f6eb4-5a81-4e6c-ba31-5585c4af96ec
*** Element info: {Using=-android uiautomator, value=text("设置")}
  sun.reflect.NativeConstructorAccessorImpl.newInstance0(Native Method)
  sun.reflect.NativeConstructorAccessorImpl.newInstance(NativeConstructorAccessorImpl.java:62)
  sun.reflect.DelegatingConstructorAccessorImpl.newInstance(DelegatingConstructorAccessorImpl.java:45)
  java.lang.reflect.Constructor.newInstance(Constructor.java:423)
  org.openqa.selenium.remote.http.W3CHttpResponseCodec.createException(W3CHttpResponseCodec.java:187)
  org.openqa.selenium.remote.http.W3CHttpResponseCodec.decode(W3CHttpResponseCodec.java:122)
  org.openqa.selenium.remote.http.W3CHttpResponseCodec.decode(W3CHttpResponseCodec.java:49)
  org.openqa.selenium.remote.HttpCommandExecutor.execute(HttpCommandExecutor.java:158)
  io.appium.java_client.remote.AppiumCommandExecutor.execute(AppiumCommandExecutor.java:239)
  org.openqa.selenium.remote.RemoteWebDriver.execute(RemoteWebDriver.java:552)
  io.appium.java_client.DefaultGenericMobileDriver.execute(DefaultGenericMobileDriver.java:42)
  io.appium.java_client.AppiumDriver.execute(AppiumDriver.java:1)
  io.appium.java_client.android.AndroidDriver.execute(AndroidDriver.java:1)
  org.openqa.selenium.remote.RemoteWebDriver.findElement(RemoteWebDriver.java:323)
  io.appium.java_client.DefaultGenericMobileDriver.findElement(DefaultGenericMobileDriver.java:62)
  io.appium.java_client.AppiumDriver.findElement(AppiumDriver.java:1)
  io.appium.java_client.android.AndroidDriver.findElement(AndroidDriver.java:1)
  io.appium.java_client.FindsByAndroidUIAutomator.findElementByAndroidUIAutomator(FindsByAndroidUIAutomator.java:38)
  pos.set1(pos.java:833)
  sun.reflect.NativeMethodAccessorImpl.invoke0(Native Method)
  sun.reflect.NativeMethodAccessorImpl.invoke(NativeMethodAccessorImpl.java:62)
  sun.reflect.DelegatingMethodAccessorImpl.invoke(DelegatingMethodAccessorImpl.java:43)
  java.lang.reflect.Method.invoke(Method.java:498)
  org.testng.internal.MethodInvocationHelper.invokeMethod(MethodInvocationHelper.java:124)
  org.testng.internal.Invoker.invokeMethod(Invoker.java:583)
  org.testng.internal.Invoker.invokeTestMethod(Invoker.java:719)
  org.testng.internal.Invoker.invokeTestMethods(Invoker.java:989)
  org.testng.internal.TestMethodWorker.invokeTestMethods(TestMethodWorker.java:125)
  org.testng.internal.TestMethodWorker.run(TestMethodWorker.java:109)
  org.testng.TestRunner.privateRun(TestRunner.java:648)
  org.testng.TestRunner.run(TestRunner.java:505)
  org.testng.SuiteRunner.runTest(SuiteRunner.java:455)
  org.testng.SuiteRunner.runSequentially(SuiteRunner.java:450)
  org.testng.SuiteRunner.privateRun(SuiteRunner.java:415)
  org.testng.SuiteRunner.run(SuiteRunner.java:364)
  org.testng.SuiteRunnerWorker.runSuite(SuiteRunnerWorker.java:52)
  org.testng.SuiteRunnerWorker.run(SuiteRunnerWorker.java:84)
  org.testng.TestNG.runSuitesSequentially(TestNG.java:1208)
  org.testng.TestNG.runSuitesLocally(TestNG.java:1137)
  org.testng.TestNG.runSuites(TestNG.java:1049)
  org.testng.TestNG.run(TestNG.java:1017)
  org.testng.IDEARemoteTestNG.run(IDEARemoteTestNG.java:72)
  org.testng.RemoteTestNGStarter.main(RemoteTestNGStarter.java:123)
]]>
      </failure>

          </testcase>
            <testcase name="offlineCashier" time="53.813" classname="pos">
                <failure type="java.lang.IndexOutOfBoundsException"
                  message="Index: 0, Size: 0"
              >
<![CDATA[java.lang.IndexOutOfBoundsException: Index: 0, Size: 0
  java.util.ArrayList.rangeCheck(ArrayList.java:657)
  java.util.ArrayList.get(ArrayList.java:433)
  pos.offlineCashier(pos.java:702)
  sun.reflect.NativeMethodAccessorImpl.invoke0(Native Method)
  sun.reflect.NativeMethodAccessorImpl.invoke(NativeMethodAccessorImpl.java:62)
  sun.reflect.DelegatingMethodAccessorImpl.invoke(DelegatingMethodAccessorImpl.java:43)
  java.lang.reflect.Method.invoke(Method.java:498)
  org.testng.internal.MethodInvocationHelper.invokeMethod(MethodInvocationHelper.java:124)
  org.testng.internal.Invoker.invokeMethod(Invoker.java:583)
  org.testng.internal.Invoker.invokeTestMethod(Invoker.java:719)
  org.testng.internal.Invoker.invokeTestMethods(Invoker.java:989)
  org.testng.internal.TestMethodWorker.invokeTestMethods(TestMethodWorker.java:125)
  org.testng.internal.TestMethodWorker.run(TestMethodWorker.java:109)
  org.testng.TestRunner.privateRun(TestRunner.java:648)
  org.testng.TestRunner.run(TestRunner.java:505)
  org.testng.SuiteRunner.runTest(SuiteRunner.java:455)
  org.testng.SuiteRunner.runSequentially(SuiteRunner.java:450)
  org.testng.SuiteRunner.privateRun(SuiteRunner.java:415)
  org.testng.SuiteRunner.run(SuiteRunner.java:364)
  org.testng.SuiteRunnerWorker.runSuite(SuiteRunnerWorker.java:52)
  org.testng.SuiteRunnerWorker.run(SuiteRunnerWorker.java:84)
  org.testng.TestNG.runSuitesSequentially(TestNG.java:1208)
  org.testng.TestNG.runSuitesLocally(TestNG.java:1137)
  org.testng.TestNG.runSuites(TestNG.java:1049)
  org.testng.TestNG.run(TestNG.java:1017)
  org.testng.IDEARemoteTestNG.run(IDEARemoteTestNG.java:72)
  org.testng.RemoteTestNGStarter.main(RemoteTestNGStarter.java:123)
]]>
      </failure>

          </testcase>
            <testcase name="set2" time="20.322" classname="pos">
                <failure type="org.openqa.selenium.NoSuchElementException"
                  message="An element could not be located on the page using the given search parameters.
For documentation on this error, please visit: https://www.seleniumhq.org/exceptions/no_such_element.html
Build info: version: &apos;3.141.59&apos;, revision: &apos;e82be7d358&apos;, time: &apos;2018-11-14T08:17:03&apos;
System info: host: &apos;PC-20170101&apos;, ip: &apos;192.168.56.1&apos;, os.name: &apos;Windows 10&apos;, os.arch: &apos;amd64&apos;, os.version: &apos;10.0&apos;, java.version: &apos;1.8.0_171&apos;
Driver info: io.appium.java_client.android.AndroidDriver
Capabilities {appActivity: com.yjp.entrance.view.Start..., appPackage: com.yijiupi.easychain, automationName: uiautomator2, databaseEnabled: false, desired: {appActivity: com.yjp.entrance.view.Start..., appPackage: com.yijiupi.easychain, automationName: uiautomator2, deviceName: Android Device, fullReset: false, newCommandTimeout: 160, noReset: true, platformName: android, resetKeyboard: true, unicodeKeyboard: true}, deviceApiLevel: 23, deviceManufacturer: SUNMI, deviceModel: t1host, deviceName: 0123456789ABCDEF, deviceScreenDensity: 240, deviceScreenSize: 1920x1080, deviceUDID: 0123456789ABCDEF, fullReset: false, javascriptEnabled: true, locationContextEnabled: false, networkConnectionEnabled: true, newCommandTimeout: 160, noReset: true, pixelRatio: 1.5, platform: LINUX, platformName: Android, platformVersion: 6.0.1, resetKeyboard: true, statBarHeight: 42, takesScreenshot: true, unicodeKeyboard: true, viewportRect: {height: 966, left: 0, top: 42, width: 1920}, warnings: {}, webStorageEnabled: false}
Session ID: ba0f6eb4-5a81-4e6c-ba31-5585c4af96ec
*** Element info: {Using=-android uiautomator, value=text(&quot;设置&quot;)}"
              >
<![CDATA[org.openqa.selenium.NoSuchElementException: An element could not be located on the page using the given search parameters.
For documentation on this error, please visit: https://www.seleniumhq.org/exceptions/no_such_element.html
Build info: version: '3.141.59', revision: 'e82be7d358', time: '2018-11-14T08:17:03'
System info: host: 'PC-20170101', ip: '192.168.56.1', os.name: 'Windows 10', os.arch: 'amd64', os.version: '10.0', java.version: '1.8.0_171'
Driver info: io.appium.java_client.android.AndroidDriver
Capabilities {appActivity: com.yjp.entrance.view.Start..., appPackage: com.yijiupi.easychain, automationName: uiautomator2, databaseEnabled: false, desired: {appActivity: com.yjp.entrance.view.Start..., appPackage: com.yijiupi.easychain, automationName: uiautomator2, deviceName: Android Device, fullReset: false, newCommandTimeout: 160, noReset: true, platformName: android, resetKeyboard: true, unicodeKeyboard: true}, deviceApiLevel: 23, deviceManufacturer: SUNMI, deviceModel: t1host, deviceName: 0123456789ABCDEF, deviceScreenDensity: 240, deviceScreenSize: 1920x1080, deviceUDID: 0123456789ABCDEF, fullReset: false, javascriptEnabled: true, locationContextEnabled: false, networkConnectionEnabled: true, newCommandTimeout: 160, noReset: true, pixelRatio: 1.5, platform: LINUX, platformName: Android, platformVersion: 6.0.1, resetKeyboard: true, statBarHeight: 42, takesScreenshot: true, unicodeKeyboard: true, viewportRect: {height: 966, left: 0, top: 42, width: 1920}, warnings: {}, webStorageEnabled: false}
Session ID: ba0f6eb4-5a81-4e6c-ba31-5585c4af96ec
*** Element info: {Using=-android uiautomator, value=text("设置")}
  sun.reflect.NativeConstructorAccessorImpl.newInstance0(Native Method)
  sun.reflect.NativeConstructorAccessorImpl.newInstance(NativeConstructorAccessorImpl.java:62)
  sun.reflect.DelegatingConstructorAccessorImpl.newInstance(DelegatingConstructorAccessorImpl.java:45)
  java.lang.reflect.Constructor.newInstance(Constructor.java:423)
  org.openqa.selenium.remote.http.W3CHttpResponseCodec.createException(W3CHttpResponseCodec.java:187)
  org.openqa.selenium.remote.http.W3CHttpResponseCodec.decode(W3CHttpResponseCodec.java:122)
  org.openqa.selenium.remote.http.W3CHttpResponseCodec.decode(W3CHttpResponseCodec.java:49)
  org.openqa.selenium.remote.HttpCommandExecutor.execute(HttpCommandExecutor.java:158)
  io.appium.java_client.remote.AppiumCommandExecutor.execute(AppiumCommandExecutor.java:239)
  org.openqa.selenium.remote.RemoteWebDriver.execute(RemoteWebDriver.java:552)
  io.appium.java_client.DefaultGenericMobileDriver.execute(DefaultGenericMobileDriver.java:42)
  io.appium.java_client.AppiumDriver.execute(AppiumDriver.java:1)
  io.appium.java_client.android.AndroidDriver.execute(AndroidDriver.java:1)
  org.openqa.selenium.remote.RemoteWebDriver.findElement(RemoteWebDriver.java:323)
  io.appium.java_client.DefaultGenericMobileDriver.findElement(DefaultGenericMobileDriver.java:62)
  io.appium.java_client.AppiumDriver.findElement(AppiumDriver.java:1)
  io.appium.java_client.android.AndroidDriver.findElement(AndroidDriver.java:1)
  io.appium.java_client.FindsByAndroidUIAutomator.findElementByAndroidUIAutomator(FindsByAndroidUIAutomator.java:38)
  pos.set2(pos.java:848)
  sun.reflect.NativeMethodAccessorImpl.invoke0(Native Method)
  sun.reflect.NativeMethodAccessorImpl.invoke(NativeMethodAccessorImpl.java:62)
  sun.reflect.DelegatingMethodAccessorImpl.invoke(DelegatingMethodAccessorImpl.java:43)
  java.lang.reflect.Method.invoke(Method.java:498)
  org.testng.internal.MethodInvocationHelper.invokeMethod(MethodInvocationHelper.java:124)
  org.testng.internal.Invoker.invokeMethod(Invoker.java:583)
  org.testng.internal.Invoker.invokeTestMethod(Invoker.java:719)
  org.testng.internal.Invoker.invokeTestMethods(Invoker.java:989)
  org.testng.internal.TestMethodWorker.invokeTestMethods(TestMethodWorker.java:125)
  org.testng.internal.TestMethodWorker.run(TestMethodWorker.java:109)
  org.testng.TestRunner.privateRun(TestRunner.java:648)
  org.testng.TestRunner.run(TestRunner.java:505)
  org.testng.SuiteRunner.runTest(SuiteRunner.java:455)
  org.testng.SuiteRunner.runSequentially(SuiteRunner.java:450)
  org.testng.SuiteRunner.privateRun(SuiteRunner.java:415)
  org.testng.SuiteRunner.run(SuiteRunner.java:364)
  org.testng.SuiteRunnerWorker.runSuite(SuiteRunnerWorker.java:52)
  org.testng.SuiteRunnerWorker.run(SuiteRunnerWorker.java:84)
  org.testng.TestNG.runSuitesSequentially(TestNG.java:1208)
  org.testng.TestNG.runSuitesLocally(TestNG.java:1137)
  org.testng.TestNG.runSuites(TestNG.java:1049)
  org.testng.TestNG.run(TestNG.java:1017)
  org.testng.IDEARemoteTestNG.run(IDEARemoteTestNG.java:72)
  org.testng.RemoteTestNGStarter.main(RemoteTestNGStarter.java:123)
]]>
      </failure>

          </testcase>
            <testcase name="set3" time="20.461" classname="pos">
                <failure type="org.openqa.selenium.NoSuchElementException"
                  message="An element could not be located on the page using the given search parameters.
For documentation on this error, please visit: https://www.seleniumhq.org/exceptions/no_such_element.html
Build info: version: &apos;3.141.59&apos;, revision: &apos;e82be7d358&apos;, time: &apos;2018-11-14T08:17:03&apos;
System info: host: &apos;PC-20170101&apos;, ip: &apos;192.168.56.1&apos;, os.name: &apos;Windows 10&apos;, os.arch: &apos;amd64&apos;, os.version: &apos;10.0&apos;, java.version: &apos;1.8.0_171&apos;
Driver info: io.appium.java_client.android.AndroidDriver
Capabilities {appActivity: com.yjp.entrance.view.Start..., appPackage: com.yijiupi.easychain, automationName: uiautomator2, databaseEnabled: false, desired: {appActivity: com.yjp.entrance.view.Start..., appPackage: com.yijiupi.easychain, automationName: uiautomator2, deviceName: Android Device, fullReset: false, newCommandTimeout: 160, noReset: true, platformName: android, resetKeyboard: true, unicodeKeyboard: true}, deviceApiLevel: 23, deviceManufacturer: SUNMI, deviceModel: t1host, deviceName: 0123456789ABCDEF, deviceScreenDensity: 240, deviceScreenSize: 1920x1080, deviceUDID: 0123456789ABCDEF, fullReset: false, javascriptEnabled: true, locationContextEnabled: false, networkConnectionEnabled: true, newCommandTimeout: 160, noReset: true, pixelRatio: 1.5, platform: LINUX, platformName: Android, platformVersion: 6.0.1, resetKeyboard: true, statBarHeight: 42, takesScreenshot: true, unicodeKeyboard: true, viewportRect: {height: 966, left: 0, top: 42, width: 1920}, warnings: {}, webStorageEnabled: false}
Session ID: ba0f6eb4-5a81-4e6c-ba31-5585c4af96ec
*** Element info: {Using=-android uiautomator, value=text(&quot;设置&quot;)}"
              >
<![CDATA[org.openqa.selenium.NoSuchElementException: An element could not be located on the page using the given search parameters.
For documentation on this error, please visit: https://www.seleniumhq.org/exceptions/no_such_element.html
Build info: version: '3.141.59', revision: 'e82be7d358', time: '2018-11-14T08:17:03'
System info: host: 'PC-20170101', ip: '192.168.56.1', os.name: 'Windows 10', os.arch: 'amd64', os.version: '10.0', java.version: '1.8.0_171'
Driver info: io.appium.java_client.android.AndroidDriver
Capabilities {appActivity: com.yjp.entrance.view.Start..., appPackage: com.yijiupi.easychain, automationName: uiautomator2, databaseEnabled: false, desired: {appActivity: com.yjp.entrance.view.Start..., appPackage: com.yijiupi.easychain, automationName: uiautomator2, deviceName: Android Device, fullReset: false, newCommandTimeout: 160, noReset: true, platformName: android, resetKeyboard: true, unicodeKeyboard: true}, deviceApiLevel: 23, deviceManufacturer: SUNMI, deviceModel: t1host, deviceName: 0123456789ABCDEF, deviceScreenDensity: 240, deviceScreenSize: 1920x1080, deviceUDID: 0123456789ABCDEF, fullReset: false, javascriptEnabled: true, locationContextEnabled: false, networkConnectionEnabled: true, newCommandTimeout: 160, noReset: true, pixelRatio: 1.5, platform: LINUX, platformName: Android, platformVersion: 6.0.1, resetKeyboard: true, statBarHeight: 42, takesScreenshot: true, unicodeKeyboard: true, viewportRect: {height: 966, left: 0, top: 42, width: 1920}, warnings: {}, webStorageEnabled: false}
Session ID: ba0f6eb4-5a81-4e6c-ba31-5585c4af96ec
*** Element info: {Using=-android uiautomator, value=text("设置")}
  sun.reflect.NativeConstructorAccessorImpl.newInstance0(Native Method)
  sun.reflect.NativeConstructorAccessorImpl.newInstance(NativeConstructorAccessorImpl.java:62)
  sun.reflect.DelegatingConstructorAccessorImpl.newInstance(DelegatingConstructorAccessorImpl.java:45)
  java.lang.reflect.Constructor.newInstance(Constructor.java:423)
  org.openqa.selenium.remote.http.W3CHttpResponseCodec.createException(W3CHttpResponseCodec.java:187)
  org.openqa.selenium.remote.http.W3CHttpResponseCodec.decode(W3CHttpResponseCodec.java:122)
  org.openqa.selenium.remote.http.W3CHttpResponseCodec.decode(W3CHttpResponseCodec.java:49)
  org.openqa.selenium.remote.HttpCommandExecutor.execute(HttpCommandExecutor.java:158)
  io.appium.java_client.remote.AppiumCommandExecutor.execute(AppiumCommandExecutor.java:239)
  org.openqa.selenium.remote.RemoteWebDriver.execute(RemoteWebDriver.java:552)
  io.appium.java_client.DefaultGenericMobileDriver.execute(DefaultGenericMobileDriver.java:42)
  io.appium.java_client.AppiumDriver.execute(AppiumDriver.java:1)
  io.appium.java_client.android.AndroidDriver.execute(AndroidDriver.java:1)
  org.openqa.selenium.remote.RemoteWebDriver.findElement(RemoteWebDriver.java:323)
  io.appium.java_client.DefaultGenericMobileDriver.findElement(DefaultGenericMobileDriver.java:62)
  io.appium.java_client.AppiumDriver.findElement(AppiumDriver.java:1)
  io.appium.java_client.android.AndroidDriver.findElement(AndroidDriver.java:1)
  io.appium.java_client.FindsByAndroidUIAutomator.findElementByAndroidUIAutomator(FindsByAndroidUIAutomator.java:38)
  pos.set3(pos.java:887)
  sun.reflect.NativeMethodAccessorImpl.invoke0(Native Method)
  sun.reflect.NativeMethodAccessorImpl.invoke(NativeMethodAccessorImpl.java:62)
  sun.reflect.DelegatingMethodAccessorImpl.invoke(DelegatingMethodAccessorImpl.java:43)
  java.lang.reflect.Method.invoke(Method.java:498)
  org.testng.internal.MethodInvocationHelper.invokeMethod(MethodInvocationHelper.java:124)
  org.testng.internal.Invoker.invokeMethod(Invoker.java:583)
  org.testng.internal.Invoker.invokeTestMethod(Invoker.java:719)
  org.testng.internal.Invoker.invokeTestMethods(Invoker.java:989)
  org.testng.internal.TestMethodWorker.invokeTestMethods(TestMethodWorker.java:125)
  org.testng.internal.TestMethodWorker.run(TestMethodWorker.java:109)
  org.testng.TestRunner.privateRun(TestRunner.java:648)
  org.testng.TestRunner.run(TestRunner.java:505)
  org.testng.SuiteRunner.runTest(SuiteRunner.java:455)
  org.testng.SuiteRunner.runSequentially(SuiteRunner.java:450)
  org.testng.SuiteRunner.privateRun(SuiteRunner.java:415)
  org.testng.SuiteRunner.run(SuiteRunner.java:364)
  org.testng.SuiteRunnerWorker.runSuite(SuiteRunnerWorker.java:52)
  org.testng.SuiteRunnerWorker.run(SuiteRunnerWorker.java:84)
  org.testng.TestNG.runSuitesSequentially(TestNG.java:1208)
  org.testng.TestNG.runSuitesLocally(TestNG.java:1137)
  org.testng.TestNG.runSuites(TestNG.java:1049)
  org.testng.TestNG.run(TestNG.java:1017)
  org.testng.IDEARemoteTestNG.run(IDEARemoteTestNG.java:72)
  org.testng.RemoteTestNGStarter.main(RemoteTestNGStarter.java:123)
]]>
      </failure>

          </testcase>
  
  
            <testcase name="tuihuo1" time="43.308" classname="pos" />
                <testcase name="jiaojieban" time="21.511" classname="pos" />
                <testcase name="suoding" time="5.693" classname="pos" />
                <testcase name="shouyin6" time="41.438" classname="pos" />
                <testcase name="delete" time="29.487" classname="pos" />
                <testcase name="tuihuo2" time="36.094" classname="pos" />
                <testcase name="shouyin5" time="23.014" classname="pos" />
                <testcase name="shouyin4" time="16.334" classname="pos" />
                <testcase name="shouyin3" time="21.958" classname="pos" />
                <testcase name="tuihuo3" time="67.665" classname="pos" />
                <testcase name="shouyin7" time="52.336" classname="pos" />
                <testcase name="jiedan" time="11.480" classname="pos" />
                <testcase name="empty" time="31.000" classname="pos" />
                <testcase name="shouyin2" time="17.129" classname="pos" />
                <testcase name="shouyin1" time="23.597" classname="pos" />
                <testcase name="login" time="12.306" classname="pos" />
                <testcase name="guadan" time="25.515" classname="pos" />
                <testcase name="more" time="12.872" classname="pos" />
      
</testsuite>
