<?xml version="1.0" encoding="utf-8" ?>
<!DOCTYPE html PUBLIC "-//W3C//DTD XHTML 1.0 Strict//EN"
        "http://www.w3.org/TR/xhtml1/DTD/xhtml1-strict.dtd">
<html xmlns="http://www.w3.org/1999/xhtml" xml:lang="" lang="">
<head>
  <title>Test Results Report - pos</title>
  <meta http-equiv="Content-Type" content="text/html;charset=utf-8" />
  <meta name="description" content="TestNG unit test results." />
  <link href="reportng.css" rel="stylesheet" type="text/css" />
    <script type="text/javascript" src="reportng.js"></script>
</head>
<body>
<h1>pos</h1>
<p>
  Test duration: 630.174s
</p>



  <table class="resultsTable">
    <tr><th colspan="3" class="header failed">Failed Tests</th></tr>
          <tr>
        <td colspan="3" class="group">pos</td>
      </tr>
            
<tr>
  <td class="method">
                  offlineCashier
      </td>
  <td class="duration">
    53.813s
  </td>
  <td class="result">
        
    
        

        <a href="javascript:toggleElement('exception-0', 'block')" title="Click to expand/collapse"><b>java.lang.IndexOutOfBoundsException: Index: 0, Size: 0</b></a><br />
    <div class="stackTrace" id="exception-0">
              java.util.ArrayList.rangeCheck(ArrayList.java:657)<br />
              java.util.ArrayList.get(ArrayList.java:433)<br />
              pos.offlineCashier(pos.java:702)<br />
              sun.reflect.NativeMethodAccessorImpl.invoke0(Native Method)<br />
              sun.reflect.NativeMethodAccessorImpl.invoke(NativeMethodAccessorImpl.java:62)<br />
              sun.reflect.DelegatingMethodAccessorImpl.invoke(DelegatingMethodAccessorImpl.java:43)<br />
              java.lang.reflect.Method.invoke(Method.java:498)<br />
              org.testng.internal.MethodInvocationHelper.invokeMethod(MethodInvocationHelper.java:124)<br />
              org.testng.internal.Invoker.invokeMethod(Invoker.java:583)<br />
              org.testng.internal.Invoker.invokeTestMethod(Invoker.java:719)<br />
              org.testng.internal.Invoker.invokeTestMethods(Invoker.java:989)<br />
              org.testng.internal.TestMethodWorker.invokeTestMethods(TestMethodWorker.java:125)<br />
              org.testng.internal.TestMethodWorker.run(TestMethodWorker.java:109)<br />
              org.testng.TestRunner.privateRun(TestRunner.java:648)<br />
              org.testng.TestRunner.run(TestRunner.java:505)<br />
              org.testng.SuiteRunner.runTest(SuiteRunner.java:455)<br />
              org.testng.SuiteRunner.runSequentially(SuiteRunner.java:450)<br />
              org.testng.SuiteRunner.privateRun(SuiteRunner.java:415)<br />
              org.testng.SuiteRunner.run(SuiteRunner.java:364)<br />
              org.testng.SuiteRunnerWorker.runSuite(SuiteRunnerWorker.java:52)<br />
              org.testng.SuiteRunnerWorker.run(SuiteRunnerWorker.java:84)<br />
              org.testng.TestNG.runSuitesSequentially(TestNG.java:1208)<br />
              org.testng.TestNG.runSuitesLocally(TestNG.java:1137)<br />
              org.testng.TestNG.runSuites(TestNG.java:1049)<br />
              org.testng.TestNG.run(TestNG.java:1017)<br />
              org.testng.IDEARemoteTestNG.run(IDEARemoteTestNG.java:72)<br />
              org.testng.RemoteTestNGStarter.main(RemoteTestNGStarter.java:123)<br />
                </div>
      </td>
</tr>
<tr>
  <td class="method">
                  set1
      </td>
  <td class="duration">
    20.450s
  </td>
  <td class="result">
        
    
        

        <a href="javascript:toggleElement('exception-1', 'block')" title="Click to expand/collapse"><b>org.openqa.selenium.NoSuchElementException: An element could not be located on the page using the given search parameters.<br/>
For documentation on this error, please visit: https://www.seleniumhq.org/exceptions/no_such_element.html<br/>
Build info: version: &apos;3.141.59&apos;, revision: &apos;e82be7d358&apos;, time: &apos;2018-11-14T08:17:03&apos;<br/>
System info: host: &apos;PC-20170101&apos;, ip: &apos;192.168.56.1&apos;, os.name: &apos;Windows 10&apos;, os.arch: &apos;amd64&apos;, os.version: &apos;10.0&apos;, java.version: &apos;1.8.0_171&apos;<br/>
Driver info: io.appium.java_client.android.AndroidDriver<br/>
Capabilities {appActivity: com.yjp.entrance.view.Start..., appPackage: com.yijiupi.easychain, automationName: uiautomator2, databaseEnabled: false, desired: {appActivity: com.yjp.entrance.view.Start..., appPackage: com.yijiupi.easychain, automationName: uiautomator2, deviceName: Android Device, fullReset: false, newCommandTimeout: 160, noReset: true, platformName: android, resetKeyboard: true, unicodeKeyboard: true}, deviceApiLevel: 23, deviceManufacturer: SUNMI, deviceModel: t1host, deviceName: 0123456789ABCDEF, deviceScreenDensity: 240, deviceScreenSize: 1920x1080, deviceUDID: 0123456789ABCDEF, fullReset: false, javascriptEnabled: true, locationContextEnabled: false, networkConnectionEnabled: true, newCommandTimeout: 160, noReset: true, pixelRatio: 1.5, platform: LINUX, platformName: Android, platformVersion: 6.0.1, resetKeyboard: true, statBarHeight: 42, takesScreenshot: true, unicodeKeyboard: true, viewportRect: {height: 966, left: 0, top: 42, width: 1920}, warnings: {}, webStorageEnabled: false}<br/>
Session ID: ba0f6eb4-5a81-4e6c-ba31-5585c4af96ec<br/>
*** Element info: {Using=-android uiautomator, value=text(&quot;设置&quot;)}</b></a><br />
    <div class="stackTrace" id="exception-1">
              sun.reflect.NativeConstructorAccessorImpl.newInstance0(Native Method)<br />
              sun.reflect.NativeConstructorAccessorImpl.newInstance(NativeConstructorAccessorImpl.java:62)<br />
              sun.reflect.DelegatingConstructorAccessorImpl.newInstance(DelegatingConstructorAccessorImpl.java:45)<br />
              java.lang.reflect.Constructor.newInstance(Constructor.java:423)<br />
              org.openqa.selenium.remote.http.W3CHttpResponseCodec.createException(W3CHttpResponseCodec.java:187)<br />
              org.openqa.selenium.remote.http.W3CHttpResponseCodec.decode(W3CHttpResponseCodec.java:122)<br />
              org.openqa.selenium.remote.http.W3CHttpResponseCodec.decode(W3CHttpResponseCodec.java:49)<br />
              org.openqa.selenium.remote.HttpCommandExecutor.execute(HttpCommandExecutor.java:158)<br />
              io.appium.java_client.remote.AppiumCommandExecutor.execute(AppiumCommandExecutor.java:239)<br />
              org.openqa.selenium.remote.RemoteWebDriver.execute(RemoteWebDriver.java:552)<br />
              io.appium.java_client.DefaultGenericMobileDriver.execute(DefaultGenericMobileDriver.java:42)<br />
              io.appium.java_client.AppiumDriver.execute(AppiumDriver.java:1)<br />
              io.appium.java_client.android.AndroidDriver.execute(AndroidDriver.java:1)<br />
              org.openqa.selenium.remote.RemoteWebDriver.findElement(RemoteWebDriver.java:323)<br />
              io.appium.java_client.DefaultGenericMobileDriver.findElement(DefaultGenericMobileDriver.java:62)<br />
              io.appium.java_client.AppiumDriver.findElement(AppiumDriver.java:1)<br />
              io.appium.java_client.android.AndroidDriver.findElement(AndroidDriver.java:1)<br />
              io.appium.java_client.FindsByAndroidUIAutomator.findElementByAndroidUIAutomator(FindsByAndroidUIAutomator.java:38)<br />
              pos.set1(pos.java:833)<br />
              sun.reflect.NativeMethodAccessorImpl.invoke0(Native Method)<br />
              sun.reflect.NativeMethodAccessorImpl.invoke(NativeMethodAccessorImpl.java:62)<br />
              sun.reflect.DelegatingMethodAccessorImpl.invoke(DelegatingMethodAccessorImpl.java:43)<br />
              java.lang.reflect.Method.invoke(Method.java:498)<br />
              org.testng.internal.MethodInvocationHelper.invokeMethod(MethodInvocationHelper.java:124)<br />
              org.testng.internal.Invoker.invokeMethod(Invoker.java:583)<br />
              org.testng.internal.Invoker.invokeTestMethod(Invoker.java:719)<br />
              org.testng.internal.Invoker.invokeTestMethods(Invoker.java:989)<br />
              org.testng.internal.TestMethodWorker.invokeTestMethods(TestMethodWorker.java:125)<br />
              org.testng.internal.TestMethodWorker.run(TestMethodWorker.java:109)<br />
              org.testng.TestRunner.privateRun(TestRunner.java:648)<br />
              org.testng.TestRunner.run(TestRunner.java:505)<br />
              org.testng.SuiteRunner.runTest(SuiteRunner.java:455)<br />
              org.testng.SuiteRunner.runSequentially(SuiteRunner.java:450)<br />
              org.testng.SuiteRunner.privateRun(SuiteRunner.java:415)<br />
              org.testng.SuiteRunner.run(SuiteRunner.java:364)<br />
              org.testng.SuiteRunnerWorker.runSuite(SuiteRunnerWorker.java:52)<br />
              org.testng.SuiteRunnerWorker.run(SuiteRunnerWorker.java:84)<br />
              org.testng.TestNG.runSuitesSequentially(TestNG.java:1208)<br />
              org.testng.TestNG.runSuitesLocally(TestNG.java:1137)<br />
              org.testng.TestNG.runSuites(TestNG.java:1049)<br />
              org.testng.TestNG.run(TestNG.java:1017)<br />
              org.testng.IDEARemoteTestNG.run(IDEARemoteTestNG.java:72)<br />
              org.testng.RemoteTestNGStarter.main(RemoteTestNGStarter.java:123)<br />
                </div>
      </td>
</tr>
<tr>
  <td class="method">
                  set2
      </td>
  <td class="duration">
    20.322s
  </td>
  <td class="result">
        
    
        

        <a href="javascript:toggleElement('exception-2', 'block')" title="Click to expand/collapse"><b>org.openqa.selenium.NoSuchElementException: An element could not be located on the page using the given search parameters.<br/>
For documentation on this error, please visit: https://www.seleniumhq.org/exceptions/no_such_element.html<br/>
Build info: version: &apos;3.141.59&apos;, revision: &apos;e82be7d358&apos;, time: &apos;2018-11-14T08:17:03&apos;<br/>
System info: host: &apos;PC-20170101&apos;, ip: &apos;192.168.56.1&apos;, os.name: &apos;Windows 10&apos;, os.arch: &apos;amd64&apos;, os.version: &apos;10.0&apos;, java.version: &apos;1.8.0_171&apos;<br/>
Driver info: io.appium.java_client.android.AndroidDriver<br/>
Capabilities {appActivity: com.yjp.entrance.view.Start..., appPackage: com.yijiupi.easychain, automationName: uiautomator2, databaseEnabled: false, desired: {appActivity: com.yjp.entrance.view.Start..., appPackage: com.yijiupi.easychain, automationName: uiautomator2, deviceName: Android Device, fullReset: false, newCommandTimeout: 160, noReset: true, platformName: android, resetKeyboard: true, unicodeKeyboard: true}, deviceApiLevel: 23, deviceManufacturer: SUNMI, deviceModel: t1host, deviceName: 0123456789ABCDEF, deviceScreenDensity: 240, deviceScreenSize: 1920x1080, deviceUDID: 0123456789ABCDEF, fullReset: false, javascriptEnabled: true, locationContextEnabled: false, networkConnectionEnabled: true, newCommandTimeout: 160, noReset: true, pixelRatio: 1.5, platform: LINUX, platformName: Android, platformVersion: 6.0.1, resetKeyboard: true, statBarHeight: 42, takesScreenshot: true, unicodeKeyboard: true, viewportRect: {height: 966, left: 0, top: 42, width: 1920}, warnings: {}, webStorageEnabled: false}<br/>
Session ID: ba0f6eb4-5a81-4e6c-ba31-5585c4af96ec<br/>
*** Element info: {Using=-android uiautomator, value=text(&quot;设置&quot;)}</b></a><br />
    <div class="stackTrace" id="exception-2">
              sun.reflect.NativeConstructorAccessorImpl.newInstance0(Native Method)<br />
              sun.reflect.NativeConstructorAccessorImpl.newInstance(NativeConstructorAccessorImpl.java:62)<br />
              sun.reflect.DelegatingConstructorAccessorImpl.newInstance(DelegatingConstructorAccessorImpl.java:45)<br />
              java.lang.reflect.Constructor.newInstance(Constructor.java:423)<br />
              org.openqa.selenium.remote.http.W3CHttpResponseCodec.createException(W3CHttpResponseCodec.java:187)<br />
              org.openqa.selenium.remote.http.W3CHttpResponseCodec.decode(W3CHttpResponseCodec.java:122)<br />
              org.openqa.selenium.remote.http.W3CHttpResponseCodec.decode(W3CHttpResponseCodec.java:49)<br />
              org.openqa.selenium.remote.HttpCommandExecutor.execute(HttpCommandExecutor.java:158)<br />
              io.appium.java_client.remote.AppiumCommandExecutor.execute(AppiumCommandExecutor.java:239)<br />
              org.openqa.selenium.remote.RemoteWebDriver.execute(RemoteWebDriver.java:552)<br />
              io.appium.java_client.DefaultGenericMobileDriver.execute(DefaultGenericMobileDriver.java:42)<br />
              io.appium.java_client.AppiumDriver.execute(AppiumDriver.java:1)<br />
              io.appium.java_client.android.AndroidDriver.execute(AndroidDriver.java:1)<br />
              org.openqa.selenium.remote.RemoteWebDriver.findElement(RemoteWebDriver.java:323)<br />
              io.appium.java_client.DefaultGenericMobileDriver.findElement(DefaultGenericMobileDriver.java:62)<br />
              io.appium.java_client.AppiumDriver.findElement(AppiumDriver.java:1)<br />
              io.appium.java_client.android.AndroidDriver.findElement(AndroidDriver.java:1)<br />
              io.appium.java_client.FindsByAndroidUIAutomator.findElementByAndroidUIAutomator(FindsByAndroidUIAutomator.java:38)<br />
              pos.set2(pos.java:848)<br />
              sun.reflect.NativeMethodAccessorImpl.invoke0(Native Method)<br />
              sun.reflect.NativeMethodAccessorImpl.invoke(NativeMethodAccessorImpl.java:62)<br />
              sun.reflect.DelegatingMethodAccessorImpl.invoke(DelegatingMethodAccessorImpl.java:43)<br />
              java.lang.reflect.Method.invoke(Method.java:498)<br />
              org.testng.internal.MethodInvocationHelper.invokeMethod(MethodInvocationHelper.java:124)<br />
              org.testng.internal.Invoker.invokeMethod(Invoker.java:583)<br />
              org.testng.internal.Invoker.invokeTestMethod(Invoker.java:719)<br />
              org.testng.internal.Invoker.invokeTestMethods(Invoker.java:989)<br />
              org.testng.internal.TestMethodWorker.invokeTestMethods(TestMethodWorker.java:125)<br />
              org.testng.internal.TestMethodWorker.run(TestMethodWorker.java:109)<br />
              org.testng.TestRunner.privateRun(TestRunner.java:648)<br />
              org.testng.TestRunner.run(TestRunner.java:505)<br />
              org.testng.SuiteRunner.runTest(SuiteRunner.java:455)<br />
              org.testng.SuiteRunner.runSequentially(SuiteRunner.java:450)<br />
              org.testng.SuiteRunner.privateRun(SuiteRunner.java:415)<br />
              org.testng.SuiteRunner.run(SuiteRunner.java:364)<br />
              org.testng.SuiteRunnerWorker.runSuite(SuiteRunnerWorker.java:52)<br />
              org.testng.SuiteRunnerWorker.run(SuiteRunnerWorker.java:84)<br />
              org.testng.TestNG.runSuitesSequentially(TestNG.java:1208)<br />
              org.testng.TestNG.runSuitesLocally(TestNG.java:1137)<br />
              org.testng.TestNG.runSuites(TestNG.java:1049)<br />
              org.testng.TestNG.run(TestNG.java:1017)<br />
              org.testng.IDEARemoteTestNG.run(IDEARemoteTestNG.java:72)<br />
              org.testng.RemoteTestNGStarter.main(RemoteTestNGStarter.java:123)<br />
                </div>
      </td>
</tr>
<tr>
  <td class="method">
                  set3
      </td>
  <td class="duration">
    20.461s
  </td>
  <td class="result">
        
    
        

        <a href="javascript:toggleElement('exception-3', 'block')" title="Click to expand/collapse"><b>org.openqa.selenium.NoSuchElementException: An element could not be located on the page using the given search parameters.<br/>
For documentation on this error, please visit: https://www.seleniumhq.org/exceptions/no_such_element.html<br/>
Build info: version: &apos;3.141.59&apos;, revision: &apos;e82be7d358&apos;, time: &apos;2018-11-14T08:17:03&apos;<br/>
System info: host: &apos;PC-20170101&apos;, ip: &apos;192.168.56.1&apos;, os.name: &apos;Windows 10&apos;, os.arch: &apos;amd64&apos;, os.version: &apos;10.0&apos;, java.version: &apos;1.8.0_171&apos;<br/>
Driver info: io.appium.java_client.android.AndroidDriver<br/>
Capabilities {appActivity: com.yjp.entrance.view.Start..., appPackage: com.yijiupi.easychain, automationName: uiautomator2, databaseEnabled: false, desired: {appActivity: com.yjp.entrance.view.Start..., appPackage: com.yijiupi.easychain, automationName: uiautomator2, deviceName: Android Device, fullReset: false, newCommandTimeout: 160, noReset: true, platformName: android, resetKeyboard: true, unicodeKeyboard: true}, deviceApiLevel: 23, deviceManufacturer: SUNMI, deviceModel: t1host, deviceName: 0123456789ABCDEF, deviceScreenDensity: 240, deviceScreenSize: 1920x1080, deviceUDID: 0123456789ABCDEF, fullReset: false, javascriptEnabled: true, locationContextEnabled: false, networkConnectionEnabled: true, newCommandTimeout: 160, noReset: true, pixelRatio: 1.5, platform: LINUX, platformName: Android, platformVersion: 6.0.1, resetKeyboard: true, statBarHeight: 42, takesScreenshot: true, unicodeKeyboard: true, viewportRect: {height: 966, left: 0, top: 42, width: 1920}, warnings: {}, webStorageEnabled: false}<br/>
Session ID: ba0f6eb4-5a81-4e6c-ba31-5585c4af96ec<br/>
*** Element info: {Using=-android uiautomator, value=text(&quot;设置&quot;)}</b></a><br />
    <div class="stackTrace" id="exception-3">
              sun.reflect.NativeConstructorAccessorImpl.newInstance0(Native Method)<br />
              sun.reflect.NativeConstructorAccessorImpl.newInstance(NativeConstructorAccessorImpl.java:62)<br />
              sun.reflect.DelegatingConstructorAccessorImpl.newInstance(DelegatingConstructorAccessorImpl.java:45)<br />
              java.lang.reflect.Constructor.newInstance(Constructor.java:423)<br />
              org.openqa.selenium.remote.http.W3CHttpResponseCodec.createException(W3CHttpResponseCodec.java:187)<br />
              org.openqa.selenium.remote.http.W3CHttpResponseCodec.decode(W3CHttpResponseCodec.java:122)<br />
              org.openqa.selenium.remote.http.W3CHttpResponseCodec.decode(W3CHttpResponseCodec.java:49)<br />
              org.openqa.selenium.remote.HttpCommandExecutor.execute(HttpCommandExecutor.java:158)<br />
              io.appium.java_client.remote.AppiumCommandExecutor.execute(AppiumCommandExecutor.java:239)<br />
              org.openqa.selenium.remote.RemoteWebDriver.execute(RemoteWebDriver.java:552)<br />
              io.appium.java_client.DefaultGenericMobileDriver.execute(DefaultGenericMobileDriver.java:42)<br />
              io.appium.java_client.AppiumDriver.execute(AppiumDriver.java:1)<br />
              io.appium.java_client.android.AndroidDriver.execute(AndroidDriver.java:1)<br />
              org.openqa.selenium.remote.RemoteWebDriver.findElement(RemoteWebDriver.java:323)<br />
              io.appium.java_client.DefaultGenericMobileDriver.findElement(DefaultGenericMobileDriver.java:62)<br />
              io.appium.java_client.AppiumDriver.findElement(AppiumDriver.java:1)<br />
              io.appium.java_client.android.AndroidDriver.findElement(AndroidDriver.java:1)<br />
              io.appium.java_client.FindsByAndroidUIAutomator.findElementByAndroidUIAutomator(FindsByAndroidUIAutomator.java:38)<br />
              pos.set3(pos.java:887)<br />
              sun.reflect.NativeMethodAccessorImpl.invoke0(Native Method)<br />
              sun.reflect.NativeMethodAccessorImpl.invoke(NativeMethodAccessorImpl.java:62)<br />
              sun.reflect.DelegatingMethodAccessorImpl.invoke(DelegatingMethodAccessorImpl.java:43)<br />
              java.lang.reflect.Method.invoke(Method.java:498)<br />
              org.testng.internal.MethodInvocationHelper.invokeMethod(MethodInvocationHelper.java:124)<br />
              org.testng.internal.Invoker.invokeMethod(Invoker.java:583)<br />
              org.testng.internal.Invoker.invokeTestMethod(Invoker.java:719)<br />
              org.testng.internal.Invoker.invokeTestMethods(Invoker.java:989)<br />
              org.testng.internal.TestMethodWorker.invokeTestMethods(TestMethodWorker.java:125)<br />
              org.testng.internal.TestMethodWorker.run(TestMethodWorker.java:109)<br />
              org.testng.TestRunner.privateRun(TestRunner.java:648)<br />
              org.testng.TestRunner.run(TestRunner.java:505)<br />
              org.testng.SuiteRunner.runTest(SuiteRunner.java:455)<br />
              org.testng.SuiteRunner.runSequentially(SuiteRunner.java:450)<br />
              org.testng.SuiteRunner.privateRun(SuiteRunner.java:415)<br />
              org.testng.SuiteRunner.run(SuiteRunner.java:364)<br />
              org.testng.SuiteRunnerWorker.runSuite(SuiteRunnerWorker.java:52)<br />
              org.testng.SuiteRunnerWorker.run(SuiteRunnerWorker.java:84)<br />
              org.testng.TestNG.runSuitesSequentially(TestNG.java:1208)<br />
              org.testng.TestNG.runSuitesLocally(TestNG.java:1137)<br />
              org.testng.TestNG.runSuites(TestNG.java:1049)<br />
              org.testng.TestNG.run(TestNG.java:1017)<br />
              org.testng.IDEARemoteTestNG.run(IDEARemoteTestNG.java:72)<br />
              org.testng.RemoteTestNGStarter.main(RemoteTestNGStarter.java:123)<br />
                </div>
      </td>
</tr>
      </table>


  <table class="resultsTable">
    <tr><th colspan="3" class="header passed">Passed Tests</th></tr>
          <tr>
        <td colspan="3" class="group">pos</td>
      </tr>
            
<tr>
  <td class="method">
                  delete
      </td>
  <td class="duration">
    29.487s
  </td>
  <td class="result">
        
    
            <div class="testOutput">
                        删除<br />
                  </div>
    

      </td>
</tr>
<tr>
  <td class="method">
                  empty
      </td>
  <td class="duration">
    31.000s
  </td>
  <td class="result">
        
    
            <div class="testOutput">
                        清空<br />
                  </div>
    

      </td>
</tr>
<tr>
  <td class="method">
                  guadan
      </td>
  <td class="duration">
    25.515s
  </td>
  <td class="result">
        
    
            <div class="testOutput">
                        挂单<br />
                  </div>
    

      </td>
</tr>
<tr>
  <td class="method">
                  jiaojieban
      </td>
  <td class="duration">
    21.511s
  </td>
  <td class="result">
        
    
            <div class="testOutput">
                        登录成功<br />
                                交接班<br />
                  </div>
    

      </td>
</tr>
<tr>
  <td class="method">
                  jiedan
      </td>
  <td class="duration">
    11.480s
  </td>
  <td class="result">
        
    
            <div class="testOutput">
                        解单<br />
                  </div>
    

      </td>
</tr>
<tr>
  <td class="method">
                  login
      </td>
  <td class="duration">
    12.306s
  </td>
  <td class="result">
        
    
            <div class="testOutput">
                        登录成功<br />
                  </div>
    

      </td>
</tr>
<tr>
  <td class="method">
                  more
      </td>
  <td class="duration">
    12.872s
  </td>
  <td class="result">
        
    
            <div class="testOutput">
                        更多<br />
                  </div>
    

      </td>
</tr>
<tr>
  <td class="method">
                  shouyin1
      </td>
  <td class="duration">
    23.597s
  </td>
  <td class="result">
        
    
            <div class="testOutput">
                        散客现金收银<br />
                  </div>
    

      </td>
</tr>
<tr>
  <td class="method">
                  shouyin2
      </td>
  <td class="duration">
    17.129s
  </td>
  <td class="result">
        
    
            <div class="testOutput">
                        散客购买散称商品<br />
                  </div>
    

      </td>
</tr>
<tr>
  <td class="method">
                  shouyin3
      </td>
  <td class="duration">
    21.958s
  </td>
  <td class="result">
        
    
            <div class="testOutput">
                        会员现金收银<br />
                  </div>
    

      </td>
</tr>
<tr>
  <td class="method">
                  shouyin4
      </td>
  <td class="duration">
    16.334s
  </td>
  <td class="result">
        
    
            <div class="testOutput">
                        vip会员称重条码收银<br />
                  </div>
    

      </td>
</tr>
<tr>
  <td class="method">
                  shouyin5
      </td>
  <td class="duration">
    23.014s
  </td>
  <td class="result">
        
    
            <div class="testOutput">
                        vip会员余额付款<br />
                  </div>
    

      </td>
</tr>
<tr>
  <td class="method">
                  shouyin6
      </td>
  <td class="duration">
    41.438s
  </td>
  <td class="result">
        
    
            <div class="testOutput">
                        vip会员现金收银<br />
                  </div>
    

      </td>
</tr>
<tr>
  <td class="method">
                  shouyin7
      </td>
  <td class="duration">
    52.336s
  </td>
  <td class="result">
        
    
            <div class="testOutput">
                        添加赠品<br />
                  </div>
    

      </td>
</tr>
<tr>
  <td class="method">
                  suoding
      </td>
  <td class="duration">
    5.693s
  </td>
  <td class="result">
        
    
            <div class="testOutput">
                        锁定<br />
                  </div>
    

      </td>
</tr>
<tr>
  <td class="method">
                  tuihuo1
      </td>
  <td class="duration">
    43.308s
  </td>
  <td class="result">
        
    
            <div class="testOutput">
                        退单1<br />
                  </div>
    

      </td>
</tr>
<tr>
  <td class="method">
                  tuihuo2
      </td>
  <td class="duration">
    36.094s
  </td>
  <td class="result">
        
    
            <div class="testOutput">
                        退单2<br />
                  </div>
    

      </td>
</tr>
<tr>
  <td class="method">
                  tuihuo3
      </td>
  <td class="duration">
    67.665s
  </td>
  <td class="result">
        
    
            <div class="testOutput">
                        退单3<br />
                  </div>
    

      </td>
</tr>
      </table>
  
</body>
</html>
