{"uuid":"131d2b2d-c6de-4a72-9ccd-6ebb7dc648c5","name":"POSAutomationtest.RunTestCase","start":1545903777753,"stop":1545903803943,"children":["6cfc2116-97e8-44a6-8517-244dd3c2400e","39ec0f8b-414b-44cf-babb-208bae31fc9e","fa6fccb1-06ee-4730-a55b-3b38beb513d7","74e99395-50ab-4330-af08-5312d4324118","6d096454-7dcf-4cb7-8172-f701065d9047","ac6b5aa1-2152-446b-87f0-58955e35d34b","cd06cebc-7361-4882-8257-8f06039ac116","fca39467-7071-44a2-9665-7ccb204707c6","bd6d1097-c2ef-46bc-8877-d82c06d2ff13","19d7c69a-d4f2-4c98-a091-131cd4901a25","c3b3b2a1-2fc9-45b5-b2db-79f197e7baf5","1e5681e5-82a8-4488-b0d6-46b0ebed031f","b4487407-84ed-4e94-bfb7-330ce7751af2","e0e39f43-5c79-4444-aa1d-d901a26abe15","aa7d1a00-260b-4878-b49e-d5580b29abda","aa385a28-ffd5-492b-9010-1125eb7cdc3a","972d348b-f0fb-453b-9e9f-401b1bf850c7","987cdf12-b7e1-4766-94b0-3975288e6429","de8f274a-956a-4126-8072-aa712a872c4c","faee8594-80a6-4842-88fa-32aff17070da","9cdc2f8c-adf0-40ba-b6a4-c9b97a6d8af5","b5f2d086-ff81-4535-91cc-6d28145f6c63","6d10954a-c57b-4abe-8065-73a13881bdf7","b8cdc462-0ee3-4850-aebb-a7f53dd02fe4","c12afeed-15b9-4f3c-8d88-1f0e0dddefe0","bc965ad3-85ed-435f-bf5a-2a7e1f7dcb6f","d10a456e-faf3-47df-ac47-8cb8140f4137","f306bc6d-fc0a-436b-8f6c-6bc1b72c140d","9d86c22e-67cf-4318-88a3-ebfec43e662e","e7a134f7-08d4-40da-8a5c-113a89ee7e4f","7d991114-08ef-4ed7-9361-cab2bfdba290","c89b3c05-4697-4b4c-a26f-eafb2cbae2d7","0f4bf468-b17a-4122-86b9-0a6a2a596703","0cf8797e-5e61-407d-a5c0-c1e182ac8864","672806a0-07a5-4054-aec1-897d3a0372bf","9db622fc-b0ab-4ba4-851d-935127b5c9c4","447bc92e-bcfe-48b9-8a45-9276cc2ff968","d298d694-ddc9-4d55-a4e7-8a3d663f3429","93102f28-3def-4cae-bf90-b6b5648b3140","a743e03a-7024-47e0-9ba0-b4787ce24a9b","380c4c2b-5fee-4448-ac14-b6dc64aa474a","768080fe-2b56-4b91-b4f4-5287647b9f0a","33cfa5ce-c092-4088-86ae-9908f1202da4","1b6b29c4-40ac-48e7-bc97-8aa1fb7cafcd"],"befores":[{"name":"setUp","status":"broken","statusDetails":{"known":false,"muted":false,"flaky":false,"message":"An unknown server-side error occurred while processing the command. Original error: Error executing adbExec. Original error: 'Command 'C\\:\\\\Android\\\\android-sdk\\\\platform-tools\\\\adb.exe -P 5037 -s T202189L40213 install C\\:\\\\Users\\\\gaoyawei\\\\AppData\\\\Local\\\\Programs\\\\appium-desktop\\\\resources\\\\app\\\\node_modules\\\\appium\\\\node_modules\\\\appium-unlock\\\\bin\\\\unlock_apk-debug.apk' exited with code 1'; Stderr: 'adb: failed to install C:\\Users\\gaoyawei\\AppData\\Local\\Programs\\appium-desktop\\resources\\app\\node_modules\\appium\\node_modules\\appium-unlock\\bin\\unlock_apk-debug.apk: Failure [INSTALL_FAILED_VERSION_DOWNGRADE]'; Code: '1' (WARNING: The server did not provide any stacktrace information)\nCommand duration or timeout: 25.14 seconds\nBuild info: version: '3.6.0', revision: '6fbf3ec767', time: '2017-09-27T15:28:36.4Z'\nSystem info: host: 'PC-20170101', ip: '192.168.112.2', os.name: 'Windows 10', os.arch: 'amd64', os.version: '10.0', java.version: '1.8.0_171'\nDriver info: driver.version: AndroidDriver","trace":"org.openqa.selenium.WebDriverException: An unknown server-side error occurred while processing the command. Original error: Error executing adbExec. Original error: 'Command 'C\\:\\\\Android\\\\android-sdk\\\\platform-tools\\\\adb.exe -P 5037 -s T202189L40213 install C\\:\\\\Users\\\\gaoyawei\\\\AppData\\\\Local\\\\Programs\\\\appium-desktop\\\\resources\\\\app\\\\node_modules\\\\appium\\\\node_modules\\\\appium-unlock\\\\bin\\\\unlock_apk-debug.apk' exited with code 1'; Stderr: 'adb: failed to install C:\\Users\\gaoyawei\\AppData\\Local\\Programs\\appium-desktop\\resources\\app\\node_modules\\appium\\node_modules\\appium-unlock\\bin\\unlock_apk-debug.apk: Failure [INSTALL_FAILED_VERSION_DOWNGRADE]'; Code: '1' (WARNING: The server did not provide any stacktrace information)\nCommand duration or timeout: 25.14 seconds\nBuild info: version: '3.6.0', revision: '6fbf3ec767', time: '2017-09-27T15:28:36.4Z'\nSystem info: host: 'PC-20170101', ip: '192.168.112.2', os.name: 'Windows 10', os.arch: 'amd64', os.version: '10.0', java.version: '1.8.0_171'\nDriver info: driver.version: AndroidDriver\r\n\tat sun.reflect.NativeConstructorAccessorImpl.newInstance0(Native Method)\r\n\tat sun.reflect.NativeConstructorAccessorImpl.newInstance(NativeConstructorAccessorImpl.java:62)\r\n\tat sun.reflect.DelegatingConstructorAccessorImpl.newInstance(DelegatingConstructorAccessorImpl.java:45)\r\n\tat java.lang.reflect.Constructor.newInstance(Constructor.java:423)\r\n\tat org.openqa.selenium.remote.ErrorHandler.createThrowable(ErrorHandler.java:214)\r\n\tat org.openqa.selenium.remote.ErrorHandler.throwIfResponseFailed(ErrorHandler.java:166)\r\n\tat org.openqa.selenium.remote.JsonWireProtocolResponse.lambda$new$0(JsonWireProtocolResponse.java:53)\r\n\tat org.openqa.selenium.remote.JsonWireProtocolResponse.lambda$getResponseFunction$2(JsonWireProtocolResponse.java:91)\r\n\tat org.openqa.selenium.remote.ProtocolHandshake.lambda$createSession$0(ProtocolHandshake.java:123)\r\n\tat java.util.stream.ReferencePipeline$3$1.accept(ReferencePipeline.java:193)\r\n\tat java.util.Spliterators$ArraySpliterator.tryAdvance(Spliterators.java:958)\r\n\tat java.util.stream.ReferencePipeline.forEachWithCancel(ReferencePipeline.java:126)\r\n\tat java.util.stream.AbstractPipeline.copyIntoWithCancel(AbstractPipeline.java:498)\r\n\tat java.util.stream.AbstractPipeline.copyInto(AbstractPipeline.java:485)\r\n\tat java.util.stream.AbstractPipeline.wrapAndCopyInto(AbstractPipeline.java:471)\r\n\tat java.util.stream.FindOps$FindOp.evaluateSequential(FindOps.java:152)\r\n\tat java.util.stream.AbstractPipeline.evaluate(AbstractPipeline.java:234)\r\n\tat java.util.stream.ReferencePipeline.findFirst(ReferencePipeline.java:464)\r\n\tat org.openqa.selenium.remote.ProtocolHandshake.createSession(ProtocolHandshake.java:126)\r\n\tat org.openqa.selenium.remote.ProtocolHandshake.createSession(ProtocolHandshake.java:73)\r\n\tat org.openqa.selenium.remote.HttpCommandExecutor.execute(HttpCommandExecutor.java:136)\r\n\tat io.appium.java_client.remote.AppiumCommandExecutor.execute(AppiumCommandExecutor.java:89)\r\n\tat org.openqa.selenium.remote.RemoteWebDriver.execute(RemoteWebDriver.java:543)\r\n\tat io.appium.java_client.DefaultGenericMobileDriver.execute(DefaultGenericMobileDriver.java:42)\r\n\tat io.appium.java_client.AppiumDriver.execute(AppiumDriver.java:1)\r\n\tat io.appium.java_client.android.AndroidDriver.execute(AndroidDriver.java:1)\r\n\tat org.openqa.selenium.remote.RemoteWebDriver.startSession(RemoteWebDriver.java:207)\r\n\tat org.openqa.selenium.remote.RemoteWebDriver.<init>(RemoteWebDriver.java:130)\r\n\tat io.appium.java_client.DefaultGenericMobileDriver.<init>(DefaultGenericMobileDriver.java:38)\r\n\tat io.appium.java_client.AppiumDriver.<init>(AppiumDriver.java:83)\r\n\tat io.appium.java_client.AppiumDriver.<init>(AppiumDriver.java:93)\r\n\tat io.appium.java_client.android.AndroidDriver.<init>(AndroidDriver.java:72)\r\n\tat POSAutomationPageResource.Base.SetUp(Base.java:49)\r\n\tat POSAutomationtest.RunTestCase.setUp(RunTestCase.java:37)\r\n\tat sun.reflect.NativeMethodAccessorImpl.invoke0(Native Method)\r\n\tat sun.reflect.NativeMethodAccessorImpl.invoke(NativeMethodAccessorImpl.java:62)\r\n\tat sun.reflect.DelegatingMethodAccessorImpl.invoke(DelegatingMethodAccessorImpl.java:43)\r\n\tat java.lang.reflect.Method.invoke(Method.java:498)\r\n\tat org.testng.internal.MethodInvocationHelper.invokeMethod(MethodInvocationHelper.java:124)\r\n\tat org.testng.internal.MethodInvocationHelper.invokeMethodConsideringTimeout(MethodInvocationHelper.java:59)\r\n\tat org.testng.internal.Invoker.invokeConfigurationMethod(Invoker.java:458)\r\n\tat org.testng.internal.Invoker.invokeConfigurations(Invoker.java:222)\r\n\tat org.testng.internal.Invoker.invokeConfigurations(Invoker.java:142)\r\n\tat org.testng.internal.TestMethodWorker.invokeBeforeClassMethods(TestMethodWorker.java:168)\r\n\tat org.testng.internal.TestMethodWorker.run(TestMethodWorker.java:105)\r\n\tat org.testng.TestRunner.privateRun(TestRunner.java:648)\r\n\tat org.testng.TestRunner.run(TestRunner.java:505)\r\n\tat org.testng.SuiteRunner.runTest(SuiteRunner.java:455)\r\n\tat org.testng.SuiteRunner.runSequentially(SuiteRunner.java:450)\r\n\tat org.testng.SuiteRunner.privateRun(SuiteRunner.java:415)\r\n\tat org.testng.SuiteRunner.run(SuiteRunner.java:364)\r\n\tat org.testng.SuiteRunnerWorker.runSuite(SuiteRunnerWorker.java:52)\r\n\tat org.testng.SuiteRunnerWorker.run(SuiteRunnerWorker.java:84)\r\n\tat org.testng.TestNG.runSuitesSequentially(TestNG.java:1208)\r\n\tat org.testng.TestNG.runSuitesLocally(TestNG.java:1137)\r\n\tat org.testng.TestNG.runSuites(TestNG.java:1049)\r\n\tat org.testng.TestNG.run(TestNG.java:1017)\r\n\tat org.testng.IDEARemoteTestNG.run(IDEARemoteTestNG.java:72)\r\n\tat org.testng.RemoteTestNGStarter.main(RemoteTestNGStarter.java:123)\r\n"},"stage":"finished","description":"","start":1545903777772,"stop":1545903803535}]}