{"uuid":"37af8d2c-d745-466c-9c65-5ad5ba094125","name":"POSAutomationtest.RunTestCase","start":1542263264019,"stop":1542263341212,"children":["4202d56e-fe66-4cb8-a9ed-c3a3f1d601c7","c1751f75-da4c-4af5-9dde-689150ffef79","f4b86697-7426-462a-a9ba-97bc34819391","363019f8-b5e9-47ad-b552-1eea2fdca5c9","da350afc-cdac-4d12-8394-4c384ce54752","966e15d8-a1e5-42ce-83b5-ac394100cf3c","a670e297-4320-4e2e-b4a2-236372ac4b80","a647eeb1-12af-4a53-abc0-06ef50315c85","ab04ec96-e63b-44a6-89ad-265cb495546d","bfe077e2-1a58-43ae-b7ee-61681857e5dd","c7944718-8878-4f1f-a972-fe739c32486e","ce77041f-12df-40f7-92be-66456edeb512","9eb81882-49f8-46a2-a342-e09a93205698","f5ea84b4-b523-4f3f-8561-931ed103308f","7c347244-7aea-423e-97a8-8cb0b33bb180","0d2bb95d-3ab8-4c83-8f98-ef6b86794542","0be1fbc0-5ff2-4c4f-9838-4ae461ebeb33","c4479f71-03c0-4cd9-8033-91f859e99d32","e4341ab0-8001-42cc-bbff-96a02c313df9","c07e1aaa-125a-463c-a4cc-c65af55a8a74","6a38d38b-4799-4eef-a262-855ac9e36e8e","a86f3fee-ee18-420a-9c6c-6fe31f5a9d46","bf0c1f02-d652-489a-a149-d13c2d509071","9b47fdcb-a40d-496c-8cda-59d19677aa04","387dabc5-ef4e-40ac-a95b-ac4b1eba3b1c","a20581a9-c354-40a5-beaa-21066a1aecd9","20c3b608-b252-42a7-bce2-ef8aaa326952","5ec65dad-d24f-4d4c-874a-c9139c041596","e382477c-6bf2-4296-b2bb-b2e1d09c33a8","8896d354-7dee-43de-8ce7-55b98678eb88","7c0442a2-c429-4559-846a-6c1e3b8d7fb2","2f0c987d-c037-4bdf-8812-6215658caa06","449fc5d9-192c-4be2-bf5c-3901d73e3034","c4dddffe-5ede-46d1-a912-293085139655","0920f551-4d34-45bc-ab11-665d8557334f","d409fcab-14b2-4ad8-a456-696af6feabf4","f495e7a1-9b04-4a3d-b4ef-5613ea88eef1","d918d259-b63b-4082-b512-f062f98d8b01","12aea32b-4c4f-4494-b548-fae2f1585c33","b2e01a1a-70a8-44db-9eb1-321a99e3f102","3a4fa50c-fcc4-4f43-ae11-b2ebaa9d0bcb","812431d9-f2d1-4b8f-8e92-4a018617358f","8e0aa84e-c81d-474f-b00c-09b500c7ff3a","0f2a016e-a55f-4820-897d-06466fa2dfd7","4f68d2ac-9ef3-4c48-a059-39150c86fad0"],"befores":[{"name":"setUp","status":"broken","statusDetails":{"known":false,"muted":false,"flaky":false,"message":"Expected condition failed: waiting for presence of element located by: By.id: com.android.packageinstaller:id/permission_allow_button (tried for 20 second(s) with 500 MILLISECONDS interval)","trace":"org.openqa.selenium.TimeoutException: Expected condition failed: waiting for presence of element located by: By.id: com.android.packageinstaller:id/permission_allow_button (tried for 20 second(s) with 500 MILLISECONDS interval)\r\n\tat org.openqa.selenium.support.ui.WebDriverWait.timeoutException(WebDriverWait.java:82)\r\n\tat org.openqa.selenium.support.ui.FluentWait.until(FluentWait.java:231)\r\n\tat POSAutomationPageResource.Base.SetUp(Base.java:52)\r\n\tat POSAutomationtest.RunTestCase.setUp(RunTestCase.java:36)\r\n\tat sun.reflect.NativeMethodAccessorImpl.invoke0(Native Method)\r\n\tat sun.reflect.NativeMethodAccessorImpl.invoke(NativeMethodAccessorImpl.java:62)\r\n\tat sun.reflect.DelegatingMethodAccessorImpl.invoke(DelegatingMethodAccessorImpl.java:43)\r\n\tat java.lang.reflect.Method.invoke(Method.java:498)\r\n\tat org.testng.internal.MethodInvocationHelper.invokeMethod(MethodInvocationHelper.java:124)\r\n\tat org.testng.internal.MethodInvocationHelper.invokeMethodConsideringTimeout(MethodInvocationHelper.java:59)\r\n\tat org.testng.internal.Invoker.invokeConfigurationMethod(Invoker.java:458)\r\n\tat org.testng.internal.Invoker.invokeConfigurations(Invoker.java:222)\r\n\tat org.testng.internal.Invoker.invokeConfigurations(Invoker.java:142)\r\n\tat org.testng.internal.TestMethodWorker.invokeBeforeClassMethods(TestMethodWorker.java:168)\r\n\tat org.testng.internal.TestMethodWorker.run(TestMethodWorker.java:105)\r\n\tat org.testng.TestRunner.privateRun(TestRunner.java:648)\r\n\tat org.testng.TestRunner.run(TestRunner.java:505)\r\n\tat org.testng.SuiteRunner.runTest(SuiteRunner.java:455)\r\n\tat org.testng.SuiteRunner.runSequentially(SuiteRunner.java:450)\r\n\tat org.testng.SuiteRunner.privateRun(SuiteRunner.java:415)\r\n\tat org.testng.SuiteRunner.run(SuiteRunner.java:364)\r\n\tat org.testng.SuiteRunnerWorker.runSuite(SuiteRunnerWorker.java:52)\r\n\tat org.testng.SuiteRunnerWorker.run(SuiteRunnerWorker.java:84)\r\n\tat org.testng.TestNG.runSuitesSequentially(TestNG.java:1208)\r\n\tat org.testng.TestNG.runSuitesLocally(TestNG.java:1137)\r\n\tat org.testng.TestNG.runSuites(TestNG.java:1049)\r\n\tat org.testng.TestNG.run(TestNG.java:1017)\r\n\tat org.testng.IDEARemoteTestNG.run(IDEARemoteTestNG.java:72)\r\n\tat org.testng.RemoteTestNGStarter.main(RemoteTestNGStarter.java:123)\r\nCaused by: org.openqa.selenium.NoSuchElementException: Cannot locate an element using By.id: com.android.packageinstaller:id/permission_allow_button\nFor documentation on this error, please visit: http://seleniumhq.org/exceptions/no_such_element.html\nBuild info: version: '3.6.0', revision: '6fbf3ec767', time: '2017-09-27T15:28:36.4Z'\nSystem info: host: 'PC-20170101', ip: '192.168.112.2', os.name: 'Windows 10', os.arch: 'amd64', os.version: '10.0', java.version: '1.8.0_171'\nDriver info: driver.version: unknown\r\n\tat org.openqa.selenium.support.ui.ExpectedConditions.lambda$findElement$0(ExpectedConditions.java:882)\r\n\tat java.util.Optional.orElseThrow(Optional.java:290)\r\n\tat org.openqa.selenium.support.ui.ExpectedConditions.findElement(ExpectedConditions.java:881)\r\n\tat org.openqa.selenium.support.ui.ExpectedConditions.access$000(ExpectedConditions.java:43)\r\n\tat org.openqa.selenium.support.ui.ExpectedConditions$6.apply(ExpectedConditions.java:182)\r\n\tat org.openqa.selenium.support.ui.ExpectedConditions$6.apply(ExpectedConditions.java:179)\r\n\tat org.openqa.selenium.support.ui.FluentWait.until(FluentWait.java:208)\r\n\t... 27 more\r\n"},"stage":"finished","description":"","start":1542263264043,"stop":1542263340970}]}