{"uuid":"9d013ac2-36e8-46ef-9c08-4b1b2ee00c2b","name":"POSAutomationtest.RunTestCase","start":1542263523315,"stop":1542263598776,"children":["746a6b47-20e4-4c6a-80f1-5c1a4e643ce4","bd3f0eef-ece7-4591-8ddc-d487873d68f5","3c8a9bb2-6a2e-4155-9520-f8c1f287cba6","611d2037-9c93-42fd-8956-c612c435853e","8117337c-f848-4068-ad8d-9756f0ed5f79","e00bef83-3dd3-4ffe-b52b-c2608ee241a0","3af7cdfe-8eca-47d7-8086-5b157edeeae3","9fb699e2-ac90-423b-82b1-4d86c644d6ea","384c0a0a-ac2c-43c5-bb89-764895769780","c68a9807-c478-4226-9e8b-45b8859b9bdc","bd75e66c-d49c-4238-a1c3-42d75ec00b51","9f5fc4c2-2da4-4a3a-b7c2-be91588076d2","88c7615d-bda2-430d-98f5-9fdbe16c9271","a1a2c05c-6bbd-480e-8230-e9ab16b8c977","817cacc0-947f-46ef-86c3-b03f6f6b8abc","4c63ae0b-ddc0-4373-91f3-ab6863578720","9b78300a-41bc-4aaa-ae96-4c53cdd6ceee","982822f8-bbc8-4d3c-9f84-1b27ed38cf61","4c90af08-edc1-4e63-94aa-60d2eca8aaa8","3a5096b3-b603-4aa8-b391-e6426ec85d44","9baeeabf-6212-46e9-8ae0-cd76e271e7d2","57e3d9bd-66f2-4aee-b97c-2c368ece825f","a8f1bbac-7e8e-4c18-90ac-71504552bc1a","7777a177-813f-4c75-91b0-daab3e22d1d0","dc7b96db-27da-4b5f-9636-f57cfda2df2b","cb21255e-dbb5-4aa0-89aa-2eb76389af9b","483d4aa9-8ce3-4903-870b-ffba841b17d4","035953f3-b5bc-4523-b1b6-56ba26de3ee9","c902f1e9-a847-4966-b1ad-319eb0e9f097","0bb69f5e-8ff2-4383-884a-bccc8c00088a","12901f17-4edc-4fc4-a591-adb6990565e5","a7fcfb48-f8d6-43d9-899d-75d4a3bb7b71","8e1f3c89-fbdf-4c75-a9c1-b7844cd398bb","0f79ab17-50c4-4da3-82ad-b9df0bc30bab","ba05fa43-9d09-47c8-b54a-995f4d21a9ff","13524d75-e881-49a1-8a2b-0137813ee3e8","d6cee186-84b6-4cd6-9460-4e11da75bfaa","9c7cdfa4-0716-444d-847c-5a71678765a8","7fdb3d72-052e-413a-a1e7-147a1cbcd639","0bdf8189-444a-418e-98e9-909814649156","8cf27873-081d-442e-88b8-0170fa7c394b","6ed47e40-f759-4a39-bdb5-afa51ced69b0","fb8a988c-302b-43ac-8d0f-781ea3481fba","836880ff-10e8-4170-86a5-55cdee1cb092","f53513c8-1166-47ea-b8a3-aa174d8618e1"],"befores":[{"name":"setUp","status":"broken","statusDetails":{"known":false,"muted":false,"flaky":false,"message":"Expected condition failed: waiting for presence of element located by: By.id: com.android.packageinstaller:id/permission_allow_button (tried for 20 second(s) with 500 MILLISECONDS interval)","trace":"org.openqa.selenium.TimeoutException: Expected condition failed: waiting for presence of element located by: By.id: com.android.packageinstaller:id/permission_allow_button (tried for 20 second(s) with 500 MILLISECONDS interval)\r\n\tat org.openqa.selenium.support.ui.WebDriverWait.timeoutException(WebDriverWait.java:82)\r\n\tat org.openqa.selenium.support.ui.FluentWait.until(FluentWait.java:231)\r\n\tat POSAutomationPageResource.Base.SetUp(Base.java:52)\r\n\tat POSAutomationtest.RunTestCase.setUp(RunTestCase.java:36)\r\n\tat sun.reflect.NativeMethodAccessorImpl.invoke0(Native Method)\r\n\tat sun.reflect.NativeMethodAccessorImpl.invoke(NativeMethodAccessorImpl.java:62)\r\n\tat sun.reflect.DelegatingMethodAccessorImpl.invoke(DelegatingMethodAccessorImpl.java:43)\r\n\tat java.lang.reflect.Method.invoke(Method.java:498)\r\n\tat org.testng.internal.MethodInvocationHelper.invokeMethod(MethodInvocationHelper.java:124)\r\n\tat org.testng.internal.MethodInvocationHelper.invokeMethodConsideringTimeout(MethodInvocationHelper.java:59)\r\n\tat org.testng.internal.Invoker.invokeConfigurationMethod(Invoker.java:458)\r\n\tat org.testng.internal.Invoker.invokeConfigurations(Invoker.java:222)\r\n\tat org.testng.internal.Invoker.invokeConfigurations(Invoker.java:142)\r\n\tat org.testng.internal.TestMethodWorker.invokeBeforeClassMethods(TestMethodWorker.java:168)\r\n\tat org.testng.internal.TestMethodWorker.run(TestMethodWorker.java:105)\r\n\tat org.testng.TestRunner.privateRun(TestRunner.java:648)\r\n\tat org.testng.TestRunner.run(TestRunner.java:505)\r\n\tat org.testng.SuiteRunner.runTest(SuiteRunner.java:455)\r\n\tat org.testng.SuiteRunner.runSequentially(SuiteRunner.java:450)\r\n\tat org.testng.SuiteRunner.privateRun(SuiteRunner.java:415)\r\n\tat org.testng.SuiteRunner.run(SuiteRunner.java:364)\r\n\tat org.testng.SuiteRunnerWorker.runSuite(SuiteRunnerWorker.java:52)\r\n\tat org.testng.SuiteRunnerWorker.run(SuiteRunnerWorker.java:84)\r\n\tat org.testng.TestNG.runSuitesSequentially(TestNG.java:1208)\r\n\tat org.testng.TestNG.runSuitesLocally(TestNG.java:1137)\r\n\tat org.testng.TestNG.runSuites(TestNG.java:1049)\r\n\tat org.testng.TestNG.run(TestNG.java:1017)\r\n\tat org.testng.IDEARemoteTestNG.run(IDEARemoteTestNG.java:72)\r\n\tat org.testng.RemoteTestNGStarter.main(RemoteTestNGStarter.java:123)\r\nCaused by: org.openqa.selenium.NoSuchElementException: Cannot locate an element using By.id: com.android.packageinstaller:id/permission_allow_button\nFor documentation on this error, please visit: http://seleniumhq.org/exceptions/no_such_element.html\nBuild info: version: '3.6.0', revision: '6fbf3ec767', time: '2017-09-27T15:28:36.4Z'\nSystem info: host: 'PC-20170101', ip: '192.168.112.2', os.name: 'Windows 10', os.arch: 'amd64', os.version: '10.0', java.version: '1.8.0_171'\nDriver info: driver.version: unknown\r\n\tat org.openqa.selenium.support.ui.ExpectedConditions.lambda$findElement$0(ExpectedConditions.java:882)\r\n\tat java.util.Optional.orElseThrow(Optional.java:290)\r\n\tat org.openqa.selenium.support.ui.ExpectedConditions.findElement(ExpectedConditions.java:881)\r\n\tat org.openqa.selenium.support.ui.ExpectedConditions.access$000(ExpectedConditions.java:43)\r\n\tat org.openqa.selenium.support.ui.ExpectedConditions$6.apply(ExpectedConditions.java:182)\r\n\tat org.openqa.selenium.support.ui.ExpectedConditions$6.apply(ExpectedConditions.java:179)\r\n\tat org.openqa.selenium.support.ui.FluentWait.until(FluentWait.java:208)\r\n\t... 27 more\r\n"},"stage":"finished","description":"","start":1542263523344,"stop":1542263598506}]}