{"uuid":"b01d4466-c45d-46dd-8b9f-fc7b75076610","name":"POSAutomationtest.RunTestCase","start":1545903890340,"stop":1545903916433,"children":["7949dbc3-75f3-495d-b039-31bb46834ba0","b7a3f089-43d5-4d17-b37d-f3869cc69b35","bd3cdda8-980d-4fbe-97fc-24de25430b60","e212fc44-b85c-446b-b7ea-b5eb3bf7ab78","75ed50fd-fcc8-45a9-a098-e0a9e9aaaaa3","5fb10d03-2bbb-41d5-ba70-a24f0700d051","42380d3f-2cbb-4610-b04e-a696b03a2a5b","c0cde3f2-65d8-4fac-b5fe-ebff9a433995","c4f8b536-c508-4ada-a30b-80938b39a8fb","58806252-d595-4e13-9681-bdcf9f123624","7b2c9a20-db6b-4b01-b092-20f62a68bb6a","11becd71-5c7d-4d0c-8432-7f819a73444a","b11ee40b-fa7b-473b-aadb-57b3c7c9d4a9","e4dc3cb8-cdc6-4aeb-a209-49e22965df47","919b963d-6653-4e33-aef1-b1f88fab31ab","bcd6d3f0-e8e9-4f10-aa48-ae0636750cb7","caffaeab-d24f-4517-b003-5a97a025d40f","8a0863ff-26b5-4518-ae88-1714ddb8dc88","c075a044-452d-4c9b-908e-142bfa33ef3c","53151350-ecab-4151-8947-b652c8ec011e","7779d40f-fd89-4bd8-a3c5-61f2224f6dd6","cf65a4cc-c648-43f6-8210-7be866cb3355","7fa06834-3ecf-4c64-bbeb-b3279a8bf94e","cba1d128-8ba8-4d1a-8831-64c70a40271e","dfae824e-9de9-4fc2-8a6a-40be82c0f3b0","2740e3ec-6c00-4169-a482-9fe9436e3269","bda594cb-8250-45b0-b8a2-05d4a7a540c2","970e1187-1d21-467b-93e8-3a3da0f7a701","41986297-b8a8-454a-9c3f-7a7cd88a5ed1","d686b22a-0379-4415-a8a9-187b9419d5ff","876c4c59-b475-4ec6-9706-ba4b7df0e77c","25f6e68f-791e-47a5-a6d9-098709cbe6a7","862945e2-ba43-454c-a1e0-72de64b10a96","ff3d94c2-64d2-48e0-88d0-d3a3afad5441","8efc1132-4330-4e61-b408-9fa026584ff3","dbfe7748-0f12-4363-8fa9-84b839c13246","2b3aa8f7-3d93-4079-949c-9408e1bf6804","6a84ab07-219e-4f62-9a9c-b177f2c7dd37","da4204fa-f79e-4b79-b3d5-4b0f68466432","73c55e36-05c7-4ef8-a382-f0dced524919","f213d519-1167-41db-bf54-5b17d8d8b8f3","31122e84-97b3-4e4a-b6dc-975061fdbc41","e9993a4b-269d-4047-81c0-da334fb0f9aa","bacfa90c-9273-4d23-899d-9931d1687317"],"befores":[{"name":"setUp","status":"broken","statusDetails":{"known":false,"muted":false,"flaky":false,"message":"An unknown server-side error occurred while processing the command. Original error: Error executing adbExec. Original error: 'Command 'C\\:\\\\Android\\\\android-sdk\\\\platform-tools\\\\adb.exe -P 5037 -s T202189L40213 install C\\:\\\\Users\\\\gaoyawei\\\\AppData\\\\Local\\\\Programs\\\\appium-desktop\\\\resources\\\\app\\\\node_modules\\\\appium\\\\node_modules\\\\appium-unlock\\\\bin\\\\unlock_apk-debug.apk' exited with code 1'; Stderr: 'adb: failed to install C:\\Users\\gaoyawei\\AppData\\Local\\Programs\\appium-desktop\\resources\\app\\node_modules\\appium\\node_modules\\appium-unlock\\bin\\unlock_apk-debug.apk: Failure [INSTALL_FAILED_VERSION_DOWNGRADE]'; Code: '1' (WARNING: The server did not provide any stacktrace information)\nCommand duration or timeout: 25.12 seconds\nBuild info: version: '3.6.0', revision: '6fbf3ec767', time: '2017-09-27T15:28:36.4Z'\nSystem info: host: 'PC-20170101', ip: '192.168.112.2', os.name: 'Windows 10', os.arch: 'amd64', os.version: '10.0', java.version: '1.8.0_171'\nDriver info: driver.version: AndroidDriver","trace":"org.openqa.selenium.WebDriverException: An unknown server-side error occurred while processing the command. Original error: Error executing adbExec. Original error: 'Command 'C\\:\\\\Android\\\\android-sdk\\\\platform-tools\\\\adb.exe -P 5037 -s T202189L40213 install C\\:\\\\Users\\\\gaoyawei\\\\AppData\\\\Local\\\\Programs\\\\appium-desktop\\\\resources\\\\app\\\\node_modules\\\\appium\\\\node_modules\\\\appium-unlock\\\\bin\\\\unlock_apk-debug.apk' exited with code 1'; Stderr: 'adb: failed to install C:\\Users\\gaoyawei\\AppData\\Local\\Programs\\appium-desktop\\resources\\app\\node_modules\\appium\\node_modules\\appium-unlock\\bin\\unlock_apk-debug.apk: Failure [INSTALL_FAILED_VERSION_DOWNGRADE]'; Code: '1' (WARNING: The server did not provide any stacktrace information)\nCommand duration or timeout: 25.12 seconds\nBuild info: version: '3.6.0', revision: '6fbf3ec767', time: '2017-09-27T15:28:36.4Z'\nSystem info: host: 'PC-20170101', ip: '192.168.112.2', os.name: 'Windows 10', os.arch: 'amd64', os.version: '10.0', java.version: '1.8.0_171'\nDriver info: driver.version: AndroidDriver\r\n\tat sun.reflect.NativeConstructorAccessorImpl.newInstance0(Native Method)\r\n\tat sun.reflect.NativeConstructorAccessorImpl.newInstance(NativeConstructorAccessorImpl.java:62)\r\n\tat sun.reflect.DelegatingConstructorAccessorImpl.newInstance(DelegatingConstructorAccessorImpl.java:45)\r\n\tat java.lang.reflect.Constructor.newInstance(Constructor.java:423)\r\n\tat org.openqa.selenium.remote.ErrorHandler.createThrowable(ErrorHandler.java:214)\r\n\tat org.openqa.selenium.remote.ErrorHandler.throwIfResponseFailed(ErrorHandler.java:166)\r\n\tat org.openqa.selenium.remote.JsonWireProtocolResponse.lambda$new$0(JsonWireProtocolResponse.java:53)\r\n\tat org.openqa.selenium.remote.JsonWireProtocolResponse.lambda$getResponseFunction$2(JsonWireProtocolResponse.java:91)\r\n\tat org.openqa.selenium.remote.ProtocolHandshake.lambda$createSession$0(ProtocolHandshake.java:123)\r\n\tat java.util.stream.ReferencePipeline$3$1.accept(ReferencePipeline.java:193)\r\n\tat java.util.Spliterators$ArraySpliterator.tryAdvance(Spliterators.java:958)\r\n\tat java.util.stream.ReferencePipeline.forEachWithCancel(ReferencePipeline.java:126)\r\n\tat java.util.stream.AbstractPipeline.copyIntoWithCancel(AbstractPipeline.java:498)\r\n\tat java.util.stream.AbstractPipeline.copyInto(AbstractPipeline.java:485)\r\n\tat java.util.stream.AbstractPipeline.wrapAndCopyInto(AbstractPipeline.java:471)\r\n\tat java.util.stream.FindOps$FindOp.evaluateSequential(FindOps.java:152)\r\n\tat java.util.stream.AbstractPipeline.evaluate(AbstractPipeline.java:234)\r\n\tat java.util.stream.ReferencePipeline.findFirst(ReferencePipeline.java:464)\r\n\tat org.openqa.selenium.remote.ProtocolHandshake.createSession(ProtocolHandshake.java:126)\r\n\tat org.openqa.selenium.remote.ProtocolHandshake.createSession(ProtocolHandshake.java:73)\r\n\tat org.openqa.selenium.remote.HttpCommandExecutor.execute(HttpCommandExecutor.java:136)\r\n\tat io.appium.java_client.remote.AppiumCommandExecutor.execute(AppiumCommandExecutor.java:89)\r\n\tat org.openqa.selenium.remote.RemoteWebDriver.execute(RemoteWebDriver.java:543)\r\n\tat io.appium.java_client.DefaultGenericMobileDriver.execute(DefaultGenericMobileDriver.java:42)\r\n\tat io.appium.java_client.AppiumDriver.execute(AppiumDriver.java:1)\r\n\tat io.appium.java_client.android.AndroidDriver.execute(AndroidDriver.java:1)\r\n\tat org.openqa.selenium.remote.RemoteWebDriver.startSession(RemoteWebDriver.java:207)\r\n\tat org.openqa.selenium.remote.RemoteWebDriver.<init>(RemoteWebDriver.java:130)\r\n\tat io.appium.java_client.DefaultGenericMobileDriver.<init>(DefaultGenericMobileDriver.java:38)\r\n\tat io.appium.java_client.AppiumDriver.<init>(AppiumDriver.java:83)\r\n\tat io.appium.java_client.AppiumDriver.<init>(AppiumDriver.java:93)\r\n\tat io.appium.java_client.android.AndroidDriver.<init>(AndroidDriver.java:72)\r\n\tat POSAutomationPageResource.Base.SetUp(Base.java:49)\r\n\tat POSAutomationtest.RunTestCase.setUp(RunTestCase.java:37)\r\n\tat sun.reflect.NativeMethodAccessorImpl.invoke0(Native Method)\r\n\tat sun.reflect.NativeMethodAccessorImpl.invoke(NativeMethodAccessorImpl.java:62)\r\n\tat sun.reflect.DelegatingMethodAccessorImpl.invoke(DelegatingMethodAccessorImpl.java:43)\r\n\tat java.lang.reflect.Method.invoke(Method.java:498)\r\n\tat org.testng.internal.MethodInvocationHelper.invokeMethod(MethodInvocationHelper.java:124)\r\n\tat org.testng.internal.MethodInvocationHelper.invokeMethodConsideringTimeout(MethodInvocationHelper.java:59)\r\n\tat org.testng.internal.Invoker.invokeConfigurationMethod(Invoker.java:458)\r\n\tat org.testng.internal.Invoker.invokeConfigurations(Invoker.java:222)\r\n\tat org.testng.internal.Invoker.invokeConfigurations(Invoker.java:142)\r\n\tat org.testng.internal.TestMethodWorker.invokeBeforeClassMethods(TestMethodWorker.java:168)\r\n\tat org.testng.internal.TestMethodWorker.run(TestMethodWorker.java:105)\r\n\tat org.testng.TestRunner.privateRun(TestRunner.java:648)\r\n\tat org.testng.TestRunner.run(TestRunner.java:505)\r\n\tat org.testng.SuiteRunner.runTest(SuiteRunner.java:455)\r\n\tat org.testng.SuiteRunner.runSequentially(SuiteRunner.java:450)\r\n\tat org.testng.SuiteRunner.privateRun(SuiteRunner.java:415)\r\n\tat org.testng.SuiteRunner.run(SuiteRunner.java:364)\r\n\tat org.testng.SuiteRunnerWorker.runSuite(SuiteRunnerWorker.java:52)\r\n\tat org.testng.SuiteRunnerWorker.run(SuiteRunnerWorker.java:84)\r\n\tat org.testng.TestNG.runSuitesSequentially(TestNG.java:1208)\r\n\tat org.testng.TestNG.runSuitesLocally(TestNG.java:1137)\r\n\tat org.testng.TestNG.runSuites(TestNG.java:1049)\r\n\tat org.testng.TestNG.run(TestNG.java:1017)\r\n\tat org.testng.IDEARemoteTestNG.run(IDEARemoteTestNG.java:72)\r\n\tat org.testng.RemoteTestNGStarter.main(RemoteTestNGStarter.java:123)\r\n"},"stage":"finished","description":"","start":1545903890362,"stop":1545903916123}]}