{"uuid":"bc6709c6-455a-4de7-bba0-1938b5f176f7","name":"POSAutomationtest.RunTestCase","start":1545901058078,"stop":1545901097961,"children":["5e561272-6e94-417b-9e6b-785c2db35c2f","1eeb2a28-0f96-4de0-873b-0cf11c99cfcf","6258ef4e-c1d8-4f84-8ba0-476375ffda3d","f90ffec3-9671-44be-9a42-4b71330938f1","60c5c5fc-f611-4d06-acce-3f9dba6fbb50","e27a6bbf-d51a-4384-b45b-5290985603fe","9bdf4323-f738-43c2-ab5a-53e578362e6c","59b87b73-553b-4037-b790-cb0bb604d26b","a8140d2d-5a4e-4288-807a-32fa36aeac54","b866e2c0-bd0c-4b52-9cc1-457d560af755","bcb63f9d-02ea-4d3a-a404-1d570b4cceb5","46de1b55-7302-4fc7-9721-c54885346ce4","0cb814de-fe75-42a5-9d22-32ce648f7c42","8322b927-7338-41b4-81a0-feddb1884666","d569a296-7a1a-4f73-8aba-063bf8fc9c4d","01b405d8-6df3-4d4b-9284-731b6baa6f0d","5b296b02-527b-469d-89b3-2fe3d61b92df","d0fc1191-1ad3-458c-b4a2-9483af09c17b","e52aab50-5cff-45a7-b8d4-706754bbffaf","61dc849a-42d2-42b9-984b-2680279f86c7","a1e907dd-1355-435a-9e33-adadd02b1645","f391c65c-586b-42c3-9916-b50c5a2242c2","864f4505-ae8f-4ee6-9893-354d902d6b12","b92c3867-5f71-4095-8b7d-0699fd772154","c7e4166b-337c-4fa2-82f9-f43f949feebb","ff80e66f-9e70-4d47-ae9a-e4ff12cee16c","e9a34bc8-d207-41dd-a38d-d45058eb092d","02738faf-52f6-46fe-b30f-1587aebf6d31","7bfe5232-747e-4d4e-bdc8-8d3847cbac92","cb07fdb2-4fa0-4058-8e78-7f77866e947e","eb64a03d-4ea8-4db8-a497-630e2b9293a5","8e0374f7-09d8-44ea-85ff-19d9dfe8af1b","ba6d36e6-f2b9-4414-ad69-7a728de32970","bf925619-c338-43c6-af5e-4a5eb0127d05","d741fdde-0e75-49ae-8fe5-7dc3921b0822","0bea4907-32a5-48d3-94c6-c3a6a5df1b8d","8ac2c2a0-d91d-428b-be28-8bb335441ed2","4e508586-2add-478d-ae9d-d21f7a780b5f","1cc6632c-1241-47e5-a144-fb4ee4de6d60","941c2015-f961-4678-9a5a-221e6834794c","ef423c29-b068-4f44-afc9-78ace5cfe68e","34089090-6814-45e2-a0d7-36958a174e37","947f5bce-9ba6-423a-9faf-643a53ef5394","2225a741-e377-4972-a72b-8cd725ee4125"],"befores":[{"name":"setUp","status":"broken","statusDetails":{"known":false,"muted":false,"flaky":false,"message":"An unknown server-side error occurred while processing the command. Original error: Error executing adbExec. Original error: 'Command 'C\\:\\\\Android\\\\android-sdk\\\\platform-tools\\\\adb.exe -P 5037 -s 197.168.12.110\\:5555 install C\\:\\\\Users\\\\gaoyawei\\\\AppData\\\\Local\\\\Programs\\\\appium-desktop\\\\resources\\\\app\\\\node_modules\\\\appium\\\\node_modules\\\\appium-unlock\\\\bin\\\\unlock_apk-debug.apk' exited with code 1'; Stderr: 'adb: failed to install C:\\Users\\gaoyawei\\AppData\\Local\\Programs\\appium-desktop\\resources\\app\\node_modules\\appium\\node_modules\\appium-unlock\\bin\\unlock_apk-debug.apk: Failure [INSTALL_FAILED_VERSION_DOWNGRADE]'; Code: '1' (WARNING: The server did not provide any stacktrace information)\nCommand duration or timeout: 38.83 seconds\nBuild info: version: '3.6.0', revision: '6fbf3ec767', time: '2017-09-27T15:28:36.4Z'\nSystem info: host: 'PC-20170101', ip: '192.168.112.2', os.name: 'Windows 10', os.arch: 'amd64', os.version: '10.0', java.version: '1.8.0_171'\nDriver info: driver.version: AndroidDriver","trace":"org.openqa.selenium.WebDriverException: An unknown server-side error occurred while processing the command. Original error: Error executing adbExec. Original error: 'Command 'C\\:\\\\Android\\\\android-sdk\\\\platform-tools\\\\adb.exe -P 5037 -s 197.168.12.110\\:5555 install C\\:\\\\Users\\\\gaoyawei\\\\AppData\\\\Local\\\\Programs\\\\appium-desktop\\\\resources\\\\app\\\\node_modules\\\\appium\\\\node_modules\\\\appium-unlock\\\\bin\\\\unlock_apk-debug.apk' exited with code 1'; Stderr: 'adb: failed to install C:\\Users\\gaoyawei\\AppData\\Local\\Programs\\appium-desktop\\resources\\app\\node_modules\\appium\\node_modules\\appium-unlock\\bin\\unlock_apk-debug.apk: Failure [INSTALL_FAILED_VERSION_DOWNGRADE]'; Code: '1' (WARNING: The server did not provide any stacktrace information)\nCommand duration or timeout: 38.83 seconds\nBuild info: version: '3.6.0', revision: '6fbf3ec767', time: '2017-09-27T15:28:36.4Z'\nSystem info: host: 'PC-20170101', ip: '192.168.112.2', os.name: 'Windows 10', os.arch: 'amd64', os.version: '10.0', java.version: '1.8.0_171'\nDriver info: driver.version: AndroidDriver\r\n\tat sun.reflect.NativeConstructorAccessorImpl.newInstance0(Native Method)\r\n\tat sun.reflect.NativeConstructorAccessorImpl.newInstance(NativeConstructorAccessorImpl.java:62)\r\n\tat sun.reflect.DelegatingConstructorAccessorImpl.newInstance(DelegatingConstructorAccessorImpl.java:45)\r\n\tat java.lang.reflect.Constructor.newInstance(Constructor.java:423)\r\n\tat org.openqa.selenium.remote.ErrorHandler.createThrowable(ErrorHandler.java:214)\r\n\tat org.openqa.selenium.remote.ErrorHandler.throwIfResponseFailed(ErrorHandler.java:166)\r\n\tat org.openqa.selenium.remote.JsonWireProtocolResponse.lambda$new$0(JsonWireProtocolResponse.java:53)\r\n\tat org.openqa.selenium.remote.JsonWireProtocolResponse.lambda$getResponseFunction$2(JsonWireProtocolResponse.java:91)\r\n\tat org.openqa.selenium.remote.ProtocolHandshake.lambda$createSession$0(ProtocolHandshake.java:123)\r\n\tat java.util.stream.ReferencePipeline$3$1.accept(ReferencePipeline.java:193)\r\n\tat java.util.Spliterators$ArraySpliterator.tryAdvance(Spliterators.java:958)\r\n\tat java.util.stream.ReferencePipeline.forEachWithCancel(ReferencePipeline.java:126)\r\n\tat java.util.stream.AbstractPipeline.copyIntoWithCancel(AbstractPipeline.java:498)\r\n\tat java.util.stream.AbstractPipeline.copyInto(AbstractPipeline.java:485)\r\n\tat java.util.stream.AbstractPipeline.wrapAndCopyInto(AbstractPipeline.java:471)\r\n\tat java.util.stream.FindOps$FindOp.evaluateSequential(FindOps.java:152)\r\n\tat java.util.stream.AbstractPipeline.evaluate(AbstractPipeline.java:234)\r\n\tat java.util.stream.ReferencePipeline.findFirst(ReferencePipeline.java:464)\r\n\tat org.openqa.selenium.remote.ProtocolHandshake.createSession(ProtocolHandshake.java:126)\r\n\tat org.openqa.selenium.remote.ProtocolHandshake.createSession(ProtocolHandshake.java:73)\r\n\tat org.openqa.selenium.remote.HttpCommandExecutor.execute(HttpCommandExecutor.java:136)\r\n\tat io.appium.java_client.remote.AppiumCommandExecutor.execute(AppiumCommandExecutor.java:89)\r\n\tat org.openqa.selenium.remote.RemoteWebDriver.execute(RemoteWebDriver.java:543)\r\n\tat io.appium.java_client.DefaultGenericMobileDriver.execute(DefaultGenericMobileDriver.java:42)\r\n\tat io.appium.java_client.AppiumDriver.execute(AppiumDriver.java:1)\r\n\tat io.appium.java_client.android.AndroidDriver.execute(AndroidDriver.java:1)\r\n\tat org.openqa.selenium.remote.RemoteWebDriver.startSession(RemoteWebDriver.java:207)\r\n\tat org.openqa.selenium.remote.RemoteWebDriver.<init>(RemoteWebDriver.java:130)\r\n\tat io.appium.java_client.DefaultGenericMobileDriver.<init>(DefaultGenericMobileDriver.java:38)\r\n\tat io.appium.java_client.AppiumDriver.<init>(AppiumDriver.java:83)\r\n\tat io.appium.java_client.AppiumDriver.<init>(AppiumDriver.java:93)\r\n\tat io.appium.java_client.android.AndroidDriver.<init>(AndroidDriver.java:72)\r\n\tat POSAutomationPageResource.Base.SetUp(Base.java:49)\r\n\tat POSAutomationtest.RunTestCase.setUp(RunTestCase.java:37)\r\n\tat sun.reflect.NativeMethodAccessorImpl.invoke0(Native Method)\r\n\tat sun.reflect.NativeMethodAccessorImpl.invoke(NativeMethodAccessorImpl.java:62)\r\n\tat sun.reflect.DelegatingMethodAccessorImpl.invoke(DelegatingMethodAccessorImpl.java:43)\r\n\tat java.lang.reflect.Method.invoke(Method.java:498)\r\n\tat org.testng.internal.MethodInvocationHelper.invokeMethod(MethodInvocationHelper.java:124)\r\n\tat org.testng.internal.MethodInvocationHelper.invokeMethodConsideringTimeout(MethodInvocationHelper.java:59)\r\n\tat org.testng.internal.Invoker.invokeConfigurationMethod(Invoker.java:458)\r\n\tat org.testng.internal.Invoker.invokeConfigurations(Invoker.java:222)\r\n\tat org.testng.internal.Invoker.invokeConfigurations(Invoker.java:142)\r\n\tat org.testng.internal.TestMethodWorker.invokeBeforeClassMethods(TestMethodWorker.java:168)\r\n\tat org.testng.internal.TestMethodWorker.run(TestMethodWorker.java:105)\r\n\tat org.testng.TestRunner.privateRun(TestRunner.java:648)\r\n\tat org.testng.TestRunner.run(TestRunner.java:505)\r\n\tat org.testng.SuiteRunner.runTest(SuiteRunner.java:455)\r\n\tat org.testng.SuiteRunner.runSequentially(SuiteRunner.java:450)\r\n\tat org.testng.SuiteRunner.privateRun(SuiteRunner.java:415)\r\n\tat org.testng.SuiteRunner.run(SuiteRunner.java:364)\r\n\tat org.testng.SuiteRunnerWorker.runSuite(SuiteRunnerWorker.java:52)\r\n\tat org.testng.SuiteRunnerWorker.run(SuiteRunnerWorker.java:84)\r\n\tat org.testng.TestNG.runSuitesSequentially(TestNG.java:1208)\r\n\tat org.testng.TestNG.runSuitesLocally(TestNG.java:1137)\r\n\tat org.testng.TestNG.runSuites(TestNG.java:1049)\r\n\tat org.testng.TestNG.run(TestNG.java:1017)\r\n\tat org.testng.IDEARemoteTestNG.run(IDEARemoteTestNG.java:72)\r\n\tat org.testng.RemoteTestNGStarter.main(RemoteTestNGStarter.java:123)\r\n"},"stage":"finished","description":"","start":1545901058105,"stop":1545901097613}]}