{"uuid":"c9546de9-ca52-41a7-9bfd-c56e90b76000","name":"POSAutomationtest.RunTestCase","start":1545900686214,"stop":1545900712609,"children":["899b4230-a8b5-4a48-826a-ca828e976c11","477f188b-e6c4-4f81-8242-341039fc8452","2301aa65-6a24-4f20-91c5-919bfe34ae14","a5b922b7-4d96-44a9-a9fe-5db03f94426e","3e7c8480-b8d4-4eb1-9f3a-3081ec90402c","2856b764-ce6a-45ce-9669-674157b0bd3f","3f39f5e1-8ad6-414c-8a9d-a11b2ba21d72","76ec0e1a-e6f2-406a-a8ab-21a3d4d35eda","7f71cfe8-cd9c-48d1-bfd4-7733523550cf","71cbb1ff-2fa5-4d25-b9be-df2a1bab97f8","45380f75-8ade-47f4-90c0-e9c26c6557ea","7a540e86-c9b0-4fb0-9c16-643e44cbba13","eb2dfcaa-710c-4dc6-b6b9-e156abb3a9d6","6c743b89-143d-46bd-9c4b-bedc8d335f36","936e1700-d61f-4ba1-8f72-70544ecf5406","c6b94f13-ec55-42fc-821c-75858a82a350","aed4c6b3-d981-44df-a21d-e9b37bb70235","9d463ccc-509e-493c-84ff-cb72e55c0d08","7444c144-d271-4b88-8f5d-f6c06682b422","8f92c2e9-ed61-4042-85eb-753fbf0ba142","a1efda29-c825-43d9-bfa1-20276b5894ba","017be9fd-f180-43a2-a03b-7368b117f7fc","5e8b5518-4c3a-47ee-82fe-f22cd08b7450","6f8d937f-c9c5-45df-abdd-8cd5f6432835","c37d58a6-d807-45dd-9d6e-df21055ef841","ce1bc3f0-5af2-4a18-99de-ddccb7993227","ed3e6de7-5357-4548-bce3-bf2ce2489f46","b043285e-dc99-40a8-8094-e04830c78661","b1e149fe-0d2f-4366-9554-aebd8c513dd3","37c5ce5f-3801-4d65-bdc7-0f5afce19366","9a0efa7b-b7ee-4f60-91d5-cd664242edfe","0fe3589d-765b-4e25-96bb-47017f8b22cf","7f8c3ac4-a8e6-4f3c-91de-bcad7e22640a","75ce46ad-7051-4207-8823-6dd782b51bca","3c68c88f-f31f-4438-b6ac-c2cb1cecb0d9","2d965728-8a4c-4b51-b430-eb627e2e4f4f","8a4db317-cf69-498d-a8e6-155739225435","e8334457-6068-4a4e-b433-863838288ada","684af50b-a26c-40ee-a021-f5f494fd5e70","62d33d59-226f-4caa-b6ca-e0420433c384","78bb97fd-1d4b-47ac-9e58-5099fe656eb2","abf2bb50-9c73-4b42-96db-68a5cd01a3d9","26d3cd82-c5a6-43f1-b0f2-34c2bf83616d","969666e0-7794-4687-86d2-9dc231edbe19"],"befores":[{"name":"setUp","status":"broken","statusDetails":{"known":false,"muted":false,"flaky":false,"message":"An unknown server-side error occurred while processing the command. Original error: Error executing adbExec. Original error: 'Command 'C\\:\\\\Android\\\\android-sdk\\\\platform-tools\\\\adb.exe -P 5037 -s T202189L40213 install C\\:\\\\Users\\\\gaoyawei\\\\AppData\\\\Local\\\\Programs\\\\appium-desktop\\\\resources\\\\app\\\\node_modules\\\\appium\\\\node_modules\\\\appium-unlock\\\\bin\\\\unlock_apk-debug.apk' exited with code 1'; Stderr: 'adb: failed to install C:\\Users\\gaoyawei\\AppData\\Local\\Programs\\appium-desktop\\resources\\app\\node_modules\\appium\\node_modules\\appium-unlock\\bin\\unlock_apk-debug.apk: Failure [INSTALL_FAILED_VERSION_DOWNGRADE]'; Code: '1' (WARNING: The server did not provide any stacktrace information)\nCommand duration or timeout: 25.35 seconds\nBuild info: version: '3.6.0', revision: '6fbf3ec767', time: '2017-09-27T15:28:36.4Z'\nSystem info: host: 'PC-20170101', ip: '192.168.112.2', os.name: 'Windows 10', os.arch: 'amd64', os.version: '10.0', java.version: '1.8.0_171'\nDriver info: driver.version: AndroidDriver","trace":"org.openqa.selenium.WebDriverException: An unknown server-side error occurred while processing the command. Original error: Error executing adbExec. Original error: 'Command 'C\\:\\\\Android\\\\android-sdk\\\\platform-tools\\\\adb.exe -P 5037 -s T202189L40213 install C\\:\\\\Users\\\\gaoyawei\\\\AppData\\\\Local\\\\Programs\\\\appium-desktop\\\\resources\\\\app\\\\node_modules\\\\appium\\\\node_modules\\\\appium-unlock\\\\bin\\\\unlock_apk-debug.apk' exited with code 1'; Stderr: 'adb: failed to install C:\\Users\\gaoyawei\\AppData\\Local\\Programs\\appium-desktop\\resources\\app\\node_modules\\appium\\node_modules\\appium-unlock\\bin\\unlock_apk-debug.apk: Failure [INSTALL_FAILED_VERSION_DOWNGRADE]'; Code: '1' (WARNING: The server did not provide any stacktrace information)\nCommand duration or timeout: 25.35 seconds\nBuild info: version: '3.6.0', revision: '6fbf3ec767', time: '2017-09-27T15:28:36.4Z'\nSystem info: host: 'PC-20170101', ip: '192.168.112.2', os.name: 'Windows 10', os.arch: 'amd64', os.version: '10.0', java.version: '1.8.0_171'\nDriver info: driver.version: AndroidDriver\r\n\tat sun.reflect.NativeConstructorAccessorImpl.newInstance0(Native Method)\r\n\tat sun.reflect.NativeConstructorAccessorImpl.newInstance(NativeConstructorAccessorImpl.java:62)\r\n\tat sun.reflect.DelegatingConstructorAccessorImpl.newInstance(DelegatingConstructorAccessorImpl.java:45)\r\n\tat java.lang.reflect.Constructor.newInstance(Constructor.java:423)\r\n\tat org.openqa.selenium.remote.ErrorHandler.createThrowable(ErrorHandler.java:214)\r\n\tat org.openqa.selenium.remote.ErrorHandler.throwIfResponseFailed(ErrorHandler.java:166)\r\n\tat org.openqa.selenium.remote.JsonWireProtocolResponse.lambda$new$0(JsonWireProtocolResponse.java:53)\r\n\tat org.openqa.selenium.remote.JsonWireProtocolResponse.lambda$getResponseFunction$2(JsonWireProtocolResponse.java:91)\r\n\tat org.openqa.selenium.remote.ProtocolHandshake.lambda$createSession$0(ProtocolHandshake.java:123)\r\n\tat java.util.stream.ReferencePipeline$3$1.accept(ReferencePipeline.java:193)\r\n\tat java.util.Spliterators$ArraySpliterator.tryAdvance(Spliterators.java:958)\r\n\tat java.util.stream.ReferencePipeline.forEachWithCancel(ReferencePipeline.java:126)\r\n\tat java.util.stream.AbstractPipeline.copyIntoWithCancel(AbstractPipeline.java:498)\r\n\tat java.util.stream.AbstractPipeline.copyInto(AbstractPipeline.java:485)\r\n\tat java.util.stream.AbstractPipeline.wrapAndCopyInto(AbstractPipeline.java:471)\r\n\tat java.util.stream.FindOps$FindOp.evaluateSequential(FindOps.java:152)\r\n\tat java.util.stream.AbstractPipeline.evaluate(AbstractPipeline.java:234)\r\n\tat java.util.stream.ReferencePipeline.findFirst(ReferencePipeline.java:464)\r\n\tat org.openqa.selenium.remote.ProtocolHandshake.createSession(ProtocolHandshake.java:126)\r\n\tat org.openqa.selenium.remote.ProtocolHandshake.createSession(ProtocolHandshake.java:73)\r\n\tat org.openqa.selenium.remote.HttpCommandExecutor.execute(HttpCommandExecutor.java:136)\r\n\tat io.appium.java_client.remote.AppiumCommandExecutor.execute(AppiumCommandExecutor.java:89)\r\n\tat org.openqa.selenium.remote.RemoteWebDriver.execute(RemoteWebDriver.java:543)\r\n\tat io.appium.java_client.DefaultGenericMobileDriver.execute(DefaultGenericMobileDriver.java:42)\r\n\tat io.appium.java_client.AppiumDriver.execute(AppiumDriver.java:1)\r\n\tat io.appium.java_client.android.AndroidDriver.execute(AndroidDriver.java:1)\r\n\tat org.openqa.selenium.remote.RemoteWebDriver.startSession(RemoteWebDriver.java:207)\r\n\tat org.openqa.selenium.remote.RemoteWebDriver.<init>(RemoteWebDriver.java:130)\r\n\tat io.appium.java_client.DefaultGenericMobileDriver.<init>(DefaultGenericMobileDriver.java:38)\r\n\tat io.appium.java_client.AppiumDriver.<init>(AppiumDriver.java:83)\r\n\tat io.appium.java_client.AppiumDriver.<init>(AppiumDriver.java:93)\r\n\tat io.appium.java_client.android.AndroidDriver.<init>(AndroidDriver.java:72)\r\n\tat POSAutomationPageResource.Base.SetUp(Base.java:49)\r\n\tat POSAutomationtest.RunTestCase.setUp(RunTestCase.java:37)\r\n\tat sun.reflect.NativeMethodAccessorImpl.invoke0(Native Method)\r\n\tat sun.reflect.NativeMethodAccessorImpl.invoke(NativeMethodAccessorImpl.java:62)\r\n\tat sun.reflect.DelegatingMethodAccessorImpl.invoke(DelegatingMethodAccessorImpl.java:43)\r\n\tat java.lang.reflect.Method.invoke(Method.java:498)\r\n\tat org.testng.internal.MethodInvocationHelper.invokeMethod(MethodInvocationHelper.java:124)\r\n\tat org.testng.internal.MethodInvocationHelper.invokeMethodConsideringTimeout(MethodInvocationHelper.java:59)\r\n\tat org.testng.internal.Invoker.invokeConfigurationMethod(Invoker.java:458)\r\n\tat org.testng.internal.Invoker.invokeConfigurations(Invoker.java:222)\r\n\tat org.testng.internal.Invoker.invokeConfigurations(Invoker.java:142)\r\n\tat org.testng.internal.TestMethodWorker.invokeBeforeClassMethods(TestMethodWorker.java:168)\r\n\tat org.testng.internal.TestMethodWorker.run(TestMethodWorker.java:105)\r\n\tat org.testng.TestRunner.privateRun(TestRunner.java:648)\r\n\tat org.testng.TestRunner.run(TestRunner.java:505)\r\n\tat org.testng.SuiteRunner.runTest(SuiteRunner.java:455)\r\n\tat org.testng.SuiteRunner.runSequentially(SuiteRunner.java:450)\r\n\tat org.testng.SuiteRunner.privateRun(SuiteRunner.java:415)\r\n\tat org.testng.SuiteRunner.run(SuiteRunner.java:364)\r\n\tat org.testng.SuiteRunnerWorker.runSuite(SuiteRunnerWorker.java:52)\r\n\tat org.testng.SuiteRunnerWorker.run(SuiteRunnerWorker.java:84)\r\n\tat org.testng.TestNG.runSuitesSequentially(TestNG.java:1208)\r\n\tat org.testng.TestNG.runSuitesLocally(TestNG.java:1137)\r\n\tat org.testng.TestNG.runSuites(TestNG.java:1049)\r\n\tat org.testng.TestNG.run(TestNG.java:1017)\r\n\tat org.testng.IDEARemoteTestNG.run(IDEARemoteTestNG.java:72)\r\n\tat org.testng.RemoteTestNGStarter.main(RemoteTestNGStarter.java:123)\r\n"},"stage":"finished","description":"","start":1545900686238,"stop":1545900712293}]}